TN:
SF:lib\devkit.ts
FN:1,getXrm
FN:13,getter
FN:20,getterSetter
FN:28,loadField
FN:29,(anonymous_4)
FN:30,(anonymous_5)
FN:31,(anonymous_6)
FN:32,(anonymous_7)
FN:33,(anonymous_8)
FN:34,(anonymous_9)
FN:35,(anonymous_10)
FN:36,(anonymous_11)
FN:37,(anonymous_12)
FN:38,(anonymous_13)
FN:39,(anonymous_14)
FN:40,(anonymous_15)
FN:41,(anonymous_16)
FN:42,(anonymous_17)
FN:43,(anonymous_18)
FN:44,(anonymous_19)
FN:45,(anonymous_20)
FN:46,(anonymous_21)
FN:47,(anonymous_22)
FN:48,(anonymous_23)
FN:49,(anonymous_24)
FN:50,(anonymous_25)
FN:51,(anonymous_26)
FN:52,(anonymous_27)
FN:53,(anonymous_28)
FN:54,(anonymous_29)
FN:55,(anonymous_30)
FN:55,(anonymous_31)
FN:56,(anonymous_32)
FN:56,(anonymous_33)
FN:57,(anonymous_34)
FN:57,(anonymous_35)
FN:61,(anonymous_36)
FN:61,(anonymous_37)
FN:62,(anonymous_38)
FN:62,(anonymous_39)
FN:63,(anonymous_40)
FN:63,(anonymous_41)
FN:64,(anonymous_42)
FN:64,(anonymous_43)
FN:65,(anonymous_44)
FN:65,(anonymous_45)
FN:66,(anonymous_46)
FN:66,(anonymous_47)
FN:67,(anonymous_48)
FN:67,(anonymous_49)
FN:68,(anonymous_50)
FN:68,(anonymous_51)
FN:69,(anonymous_52)
FN:69,(anonymous_53)
FN:73,(anonymous_54)
FN:73,(anonymous_55)
FN:74,(anonymous_56)
FN:75,(anonymous_57)
FN:76,(anonymous_58)
FN:77,(anonymous_59)
FN:82,(anonymous_60)
FN:83,(anonymous_61)
FN:84,(anonymous_62)
FN:85,(anonymous_63)
FN:86,(anonymous_64)
FN:87,(anonymous_65)
FN:88,(anonymous_66)
FN:89,(anonymous_67)
FN:90,(anonymous_68)
FN:91,(anonymous_69)
FN:96,(anonymous_70)
FN:97,(anonymous_71)
FN:98,(anonymous_72)
FN:99,(anonymous_73)
FN:100,(anonymous_74)
FN:101,(anonymous_75)
FN:102,(anonymous_76)
FN:103,(anonymous_77)
FN:104,(anonymous_78)
FN:105,(anonymous_79)
FN:106,(anonymous_80)
FN:107,(anonymous_81)
FN:108,(anonymous_82)
FN:109,(anonymous_83)
FN:110,(anonymous_84)
FN:112,loadFields
FN:114,(anonymous_86)
FN:126,(anonymous_87)
FN:126,(anonymous_88)
FN:127,(anonymous_89)
FN:127,(anonymous_90)
FN:128,(anonymous_91)
FN:128,(anonymous_92)
FN:132,loadTabs
FN:134,(anonymous_94)
FN:141,(anonymous_95)
FN:144,(anonymous_96)
FN:145,(anonymous_97)
FN:146,(anonymous_98)
FN:146,(anonymous_99)
FN:147,(anonymous_100)
FN:147,(anonymous_101)
FN:149,(anonymous_102)
FN:151,(anonymous_103)
FN:152,(anonymous_104)
FN:153,(anonymous_105)
FN:153,(anonymous_106)
FN:154,(anonymous_107)
FN:154,(anonymous_108)
FN:155,(anonymous_109)
FN:155,(anonymous_110)
FN:156,(anonymous_111)
FN:156,(anonymous_112)
FN:157,(anonymous_113)
FN:158,(anonymous_114)
FN:159,(anonymous_115)
FN:160,(anonymous_116)
FN:164,(anonymous_117)
FN:169,loadNavigations
FN:171,(anonymous_119)
FN:172,(anonymous_120)
FN:184,(anonymous_121)
FN:186,(anonymous_122)
FN:187,(anonymous_123)
FN:187,(anonymous_124)
FN:188,(anonymous_125)
FN:188,(anonymous_126)
FN:189,(anonymous_127)
FN:191,(anonymous_128)
FN:196,loadQuickForms
FN:198,(anonymous_130)
FN:208,(anonymous_131)
FN:209,(anonymous_132)
FN:211,(anonymous_133)
FN:212,(anonymous_134)
FN:213,(anonymous_135)
FN:214,(anonymous_136)
FN:215,(anonymous_137)
FN:215,(anonymous_138)
FN:216,(anonymous_139)
FN:216,(anonymous_140)
FN:217,(anonymous_141)
FN:217,(anonymous_142)
FN:218,(anonymous_143)
FN:219,(anonymous_144)
FN:220,(anonymous_145)
FN:221,(anonymous_146)
FN:223,(anonymous_147)
FN:228,loadGrids
FN:230,(anonymous_149)
FN:231,(anonymous_150)
FN:233,(anonymous_151)
FN:234,(anonymous_152)
FN:235,(anonymous_153)
FN:235,(anonymous_154)
FN:236,(anonymous_155)
FN:236,(anonymous_156)
FN:237,(anonymous_157)
FN:237,(anonymous_158)
FN:238,(anonymous_159)
FN:239,(anonymous_160)
FN:242,(anonymous_161)
FN:244,(anonymous_162)
FN:246,(anonymous_163)
FN:247,(anonymous_164)
FN:251,(anonymous_165)
FN:260,(anonymous_166)
FN:261,(anonymous_167)
FN:262,(anonymous_168)
FN:263,(anonymous_169)
FN:266,(anonymous_170)
FN:268,(anonymous_171)
FN:270,(anonymous_172)
FN:271,(anonymous_173)
FN:272,(anonymous_174)
FN:281,(anonymous_175)
FN:282,(anonymous_176)
FN:283,(anonymous_177)
FN:284,(anonymous_178)
FN:285,(anonymous_179)
FN:288,(anonymous_180)
FN:289,(anonymous_181)
FN:292,(anonymous_182)
FN:295,(anonymous_183)
FN:296,(anonymous_184)
FN:299,(anonymous_185)
FN:300,(anonymous_186)
FN:303,(anonymous_187)
FN:304,(anonymous_188)
FN:304,(anonymous_189)
FN:307,(anonymous_190)
FN:307,(anonymous_191)
FN:308,(anonymous_192)
FN:309,(anonymous_193)
FN:310,(anonymous_194)
FN:311,(anonymous_195)
FN:312,(anonymous_196)
FN:313,(anonymous_197)
FN:315,(anonymous_198)
FN:320,loadExecutionContext
FN:322,(anonymous_200)
FN:323,(anonymous_201)
FN:324,(anonymous_202)
FN:325,(anonymous_203)
FN:326,(anonymous_204)
FN:327,(anonymous_205)
FN:328,(anonymous_206)
FN:329,(anonymous_207)
FN:330,(anonymous_208)
FN:331,(anonymous_209)
FN:332,(anonymous_210)
FN:333,(anonymous_211)
FN:334,(anonymous_212)
FN:335,(anonymous_213)
FN:336,(anonymous_214)
FN:339,loadSidePanes
FN:343,(anonymous_216)
FN:343,(anonymous_217)
FN:344,(anonymous_218)
FN:345,(anonymous_219)
FN:346,(anonymous_220)
FN:347,(anonymous_221)
FN:350,loadWebApi
FN:356,(anonymous_223)
FN:372,(anonymous_224)
FN:380,(anonymous_225)
FN:390,(anonymous_226)
FN:398,(anonymous_227)
FN:406,(anonymous_228)
FN:414,(anonymous_229)
FN:422,(anonymous_230)
FN:426,(anonymous_231)
FN:427,(anonymous_232)
FN:464,(anonymous_233)
FN:466,(anonymous_234)
FN:480,(anonymous_235)
FN:489,(anonymous_236)
FN:500,(anonymous_237)
FN:502,(anonymous_238)
FN:510,(anonymous_239)
FN:520,(anonymous_240)
FN:522,(anonymous_241)
FN:527,loadCopilot
FN:531,(anonymous_243)
FN:539,(anonymous_244)
FN:549,loadFormV3
FN:620,(anonymous_246)
FN:630,(anonymous_247)
FN:631,(anonymous_248)
FN:632,(anonymous_249)
FN:633,(anonymous_250)
FN:634,(anonymous_251)
FN:635,(anonymous_252)
FN:636,(anonymous_253)
FN:637,(anonymous_254)
FN:638,(anonymous_255)
FN:639,(anonymous_256)
FN:640,(anonymous_257)
FN:641,(anonymous_258)
FN:642,(anonymous_259)
FN:643,(anonymous_260)
FN:644,(anonymous_261)
FN:645,(anonymous_262)
FN:646,(anonymous_263)
FN:647,(anonymous_264)
FN:648,(anonymous_265)
FN:649,(anonymous_266)
FN:650,(anonymous_267)
FN:651,(anonymous_268)
FN:652,(anonymous_269)
FN:652,(anonymous_270)
FN:653,(anonymous_271)
FN:653,(anonymous_272)
FN:654,(anonymous_273)
FN:654,(anonymous_274)
FN:655,(anonymous_275)
FN:655,(anonymous_276)
FN:656,(anonymous_277)
FN:661,(anonymous_278)
FN:662,(anonymous_279)
FN:663,(anonymous_280)
FN:664,(anonymous_281)
FN:669,(anonymous_282)
FN:670,(anonymous_283)
FN:671,(anonymous_284)
FN:672,(anonymous_285)
FN:673,(anonymous_286)
FN:674,(anonymous_287)
FN:692,loadProcess
FN:697,(anonymous_289)
FN:708,(anonymous_290)
FN:710,(anonymous_291)
FN:711,(anonymous_292)
FN:712,(anonymous_293)
FN:713,(anonymous_294)
FN:714,(anonymous_295)
FN:717,(anonymous_296)
FN:719,(anonymous_297)
FN:720,(anonymous_298)
FN:721,(anonymous_299)
FN:722,(anonymous_300)
FN:723,(anonymous_301)
FN:724,(anonymous_302)
FN:734,(anonymous_303)
FN:737,(anonymous_304)
FN:739,(anonymous_305)
FN:740,(anonymous_306)
FN:741,(anonymous_307)
FN:742,(anonymous_308)
FN:745,(anonymous_309)
FN:749,(anonymous_310)
FN:750,(anonymous_311)
FN:761,(anonymous_312)
FN:763,(anonymous_313)
FN:767,(anonymous_314)
FN:768,(anonymous_315)
FN:777,(anonymous_316)
FN:778,(anonymous_317)
FN:779,(anonymous_318)
FN:780,(anonymous_319)
FN:781,(anonymous_320)
FN:782,(anonymous_321)
FN:782,(anonymous_322)
FN:783,(anonymous_323)
FN:783,(anonymous_324)
FN:784,(anonymous_325)
FN:784,(anonymous_326)
FN:785,(anonymous_327)
FN:786,(anonymous_328)
FN:787,(anonymous_329)
FN:788,(anonymous_330)
FN:789,(anonymous_331)
FN:790,(anonymous_332)
FN:791,(anonymous_333)
FN:792,(anonymous_334)
FN:799,(anonymous_335)
FN:800,(anonymous_336)
FN:801,(anonymous_337)
FN:802,(anonymous_338)
FN:803,(anonymous_339)
FN:815,(anonymous_340)
FN:816,(anonymous_341)
FN:817,(anonymous_342)
FN:818,(anonymous_343)
FN:819,(anonymous_344)
FN:820,(anonymous_345)
FN:821,(anonymous_346)
FN:822,(anonymous_347)
FN:823,(anonymous_348)
FN:826,loadUtility
FN:836,(anonymous_350)
FN:839,(anonymous_351)
FN:840,(anonymous_352)
FN:841,(anonymous_353)
FN:842,(anonymous_354)
FN:843,(anonymous_355)
FN:846,(anonymous_356)
FN:847,(anonymous_357)
FN:849,(anonymous_358)
FN:850,(anonymous_359)
FN:851,(anonymous_360)
FN:855,(anonymous_361)
FN:856,(anonymous_362)
FN:857,(anonymous_363)
FN:858,(anonymous_364)
FN:860,(anonymous_365)
FN:861,(anonymous_366)
FN:863,(anonymous_367)
FN:864,(anonymous_368)
FN:866,(anonymous_369)
FN:867,(anonymous_370)
FN:868,(anonymous_371)
FN:869,(anonymous_372)
FN:872,(anonymous_373)
FN:873,(anonymous_374)
FN:876,(anonymous_375)
FN:877,(anonymous_376)
FN:878,(anonymous_377)
FN:879,(anonymous_378)
FN:880,(anonymous_379)
FN:881,(anonymous_380)
FN:882,(anonymous_381)
FN:883,(anonymous_382)
FN:884,(anonymous_383)
FN:885,(anonymous_384)
FN:886,(anonymous_385)
FN:887,(anonymous_386)
FN:888,(anonymous_387)
FN:889,(anonymous_388)
FN:892,(anonymous_389)
FN:893,(anonymous_390)
FN:898,(anonymous_391)
FN:899,(anonymous_392)
FN:904,(anonymous_393)
FN:909,(anonymous_394)
FN:914,(anonymous_395)
FN:919,(anonymous_396)
FN:924,(anonymous_397)
FN:929,(anonymous_398)
FN:930,(anonymous_399)
FN:935,(anonymous_400)
FN:940,(anonymous_401)
FN:946,(anonymous_402)
FN:947,(anonymous_403)
FN:952,(anonymous_404)
FN:953,(anonymous_405)
FN:954,(anonymous_406)
FN:955,(anonymous_407)
FN:960,(anonymous_408)
FN:961,(anonymous_409)
FN:966,(anonymous_410)
FN:971,(anonymous_411)
FN:976,(anonymous_412)
FN:981,(anonymous_413)
FN:986,(anonymous_414)
FN:987,(anonymous_415)
FN:992,(anonymous_416)
FN:993,(anonymous_417)
FN:994,(anonymous_418)
FN:999,(anonymous_419)
FN:1000,(anonymous_420)
FN:1002,(anonymous_421)
FN:1003,(anonymous_422)
FN:1004,(anonymous_423)
FN:1005,(anonymous_424)
FN:1006,(anonymous_425)
FN:1007,(anonymous_426)
FN:1010,loadFormDialog
FN:1020,(anonymous_428)
FN:1023,getWebApiTypeParsers
FN:1025,(anonymous_430)
FN:1035,(anonymous_431)
FN:1039,(anonymous_432)
FN:1043,(anonymous_433)
FN:1056,webApiReturnGet
FN:1112,(anonymous_435)
FN:1173,defineWebApiField
FN:1175,(anonymous_437)
FN:1188,(anonymous_438)
FN:1192,(anonymous_439)
FN:1204,(anonymous_440)
FN:1208,(anonymous_441)
FN:1237,createWebApiEntity
FN:1247,(anonymous_443)
FN:1252,(anonymous_444)
FN:1256,(anonymous_445)
FN:1262,(anonymous_446)
FNF:447
FNH:296
FNDA:1580,getXrm
FNDA:18046,getter
FNDA:1990,getterSetter
FNDA:87,loadField
FNDA:0,(anonymous_4)
FNDA:0,(anonymous_5)
FNDA:0,(anonymous_6)
FNDA:1,(anonymous_7)
FNDA:0,(anonymous_8)
FNDA:0,(anonymous_9)
FNDA:0,(anonymous_10)
FNDA:0,(anonymous_11)
FNDA:1,(anonymous_12)
FNDA:0,(anonymous_13)
FNDA:0,(anonymous_14)
FNDA:0,(anonymous_15)
FNDA:0,(anonymous_16)
FNDA:0,(anonymous_17)
FNDA:0,(anonymous_18)
FNDA:1,(anonymous_19)
FNDA:0,(anonymous_20)
FNDA:0,(anonymous_21)
FNDA:0,(anonymous_22)
FNDA:0,(anonymous_23)
FNDA:0,(anonymous_24)
FNDA:0,(anonymous_25)
FNDA:0,(anonymous_26)
FNDA:0,(anonymous_27)
FNDA:0,(anonymous_28)
FNDA:0,(anonymous_29)
FNDA:0,(anonymous_30)
FNDA:0,(anonymous_31)
FNDA:0,(anonymous_32)
FNDA:0,(anonymous_33)
FNDA:0,(anonymous_34)
FNDA:0,(anonymous_35)
FNDA:0,(anonymous_36)
FNDA:0,(anonymous_37)
FNDA:0,(anonymous_38)
FNDA:0,(anonymous_39)
FNDA:0,(anonymous_40)
FNDA:0,(anonymous_41)
FNDA:0,(anonymous_42)
FNDA:0,(anonymous_43)
FNDA:0,(anonymous_44)
FNDA:0,(anonymous_45)
FNDA:0,(anonymous_46)
FNDA:0,(anonymous_47)
FNDA:0,(anonymous_48)
FNDA:0,(anonymous_49)
FNDA:0,(anonymous_50)
FNDA:0,(anonymous_51)
FNDA:1,(anonymous_52)
FNDA:0,(anonymous_53)
FNDA:0,(anonymous_54)
FNDA:0,(anonymous_55)
FNDA:0,(anonymous_56)
FNDA:0,(anonymous_57)
FNDA:0,(anonymous_58)
FNDA:0,(anonymous_59)
FNDA:0,(anonymous_60)
FNDA:0,(anonymous_61)
FNDA:0,(anonymous_62)
FNDA:0,(anonymous_63)
FNDA:0,(anonymous_64)
FNDA:0,(anonymous_65)
FNDA:0,(anonymous_66)
FNDA:0,(anonymous_67)
FNDA:0,(anonymous_68)
FNDA:0,(anonymous_69)
FNDA:0,(anonymous_70)
FNDA:0,(anonymous_71)
FNDA:0,(anonymous_72)
FNDA:0,(anonymous_73)
FNDA:0,(anonymous_74)
FNDA:0,(anonymous_75)
FNDA:0,(anonymous_76)
FNDA:0,(anonymous_77)
FNDA:0,(anonymous_78)
FNDA:0,(anonymous_79)
FNDA:0,(anonymous_80)
FNDA:0,(anonymous_81)
FNDA:0,(anonymous_82)
FNDA:0,(anonymous_83)
FNDA:0,(anonymous_84)
FNDA:69,loadFields
FNDA:73,(anonymous_86)
FNDA:0,(anonymous_87)
FNDA:0,(anonymous_88)
FNDA:0,(anonymous_89)
FNDA:0,(anonymous_90)
FNDA:0,(anonymous_91)
FNDA:0,(anonymous_92)
FNDA:0,loadTabs
FNDA:0,(anonymous_94)
FNDA:0,(anonymous_95)
FNDA:0,(anonymous_96)
FNDA:0,(anonymous_97)
FNDA:0,(anonymous_98)
FNDA:0,(anonymous_99)
FNDA:0,(anonymous_100)
FNDA:0,(anonymous_101)
FNDA:0,(anonymous_102)
FNDA:0,(anonymous_103)
FNDA:0,(anonymous_104)
FNDA:0,(anonymous_105)
FNDA:0,(anonymous_106)
FNDA:0,(anonymous_107)
FNDA:0,(anonymous_108)
FNDA:0,(anonymous_109)
FNDA:0,(anonymous_110)
FNDA:0,(anonymous_111)
FNDA:0,(anonymous_112)
FNDA:0,(anonymous_113)
FNDA:0,(anonymous_114)
FNDA:0,(anonymous_115)
FNDA:0,(anonymous_116)
FNDA:0,(anonymous_117)
FNDA:21,loadNavigations
FNDA:22,(anonymous_119)
FNDA:22,(anonymous_120)
FNDA:22,(anonymous_121)
FNDA:6,(anonymous_122)
FNDA:5,(anonymous_123)
FNDA:2,(anonymous_124)
FNDA:5,(anonymous_125)
FNDA:2,(anonymous_126)
FNDA:3,(anonymous_127)
FNDA:22,(anonymous_128)
FNDA:39,loadQuickForms
FNDA:62,(anonymous_130)
FNDA:40,(anonymous_131)
FNDA:61,(anonymous_132)
FNDA:10,(anonymous_133)
FNDA:2,(anonymous_134)
FNDA:2,(anonymous_135)
FNDA:2,(anonymous_136)
FNDA:3,(anonymous_137)
FNDA:2,(anonymous_138)
FNDA:3,(anonymous_139)
FNDA:2,(anonymous_140)
FNDA:3,(anonymous_141)
FNDA:2,(anonymous_142)
FNDA:3,(anonymous_143)
FNDA:2,(anonymous_144)
FNDA:2,(anonymous_145)
FNDA:2,(anonymous_146)
FNDA:40,(anonymous_147)
FNDA:49,loadGrids
FNDA:50,(anonymous_149)
FNDA:13,(anonymous_150)
FNDA:1,(anonymous_151)
FNDA:4,(anonymous_152)
FNDA:1,(anonymous_153)
FNDA:1,(anonymous_154)
FNDA:1,(anonymous_155)
FNDA:1,(anonymous_156)
FNDA:1,(anonymous_157)
FNDA:1,(anonymous_158)
FNDA:1,(anonymous_159)
FNDA:1,(anonymous_160)
FNDA:22,(anonymous_161)
FNDA:13,(anonymous_162)
FNDA:1,(anonymous_163)
FNDA:11,(anonymous_164)
FNDA:1,(anonymous_165)
FNDA:1,(anonymous_166)
FNDA:2,(anonymous_167)
FNDA:1,(anonymous_168)
FNDA:3,(anonymous_169)
FNDA:50,(anonymous_170)
FNDA:26,(anonymous_171)
FNDA:3,(anonymous_172)
FNDA:19,(anonymous_173)
FNDA:4,(anonymous_174)
FNDA:2,(anonymous_175)
FNDA:1,(anonymous_176)
FNDA:1,(anonymous_177)
FNDA:1,(anonymous_178)
FNDA:22,(anonymous_179)
FNDA:22,(anonymous_180)
FNDA:20,(anonymous_181)
FNDA:4,(anonymous_182)
FNDA:4,(anonymous_183)
FNDA:2,(anonymous_184)
FNDA:2,(anonymous_185)
FNDA:4,(anonymous_186)
FNDA:1,(anonymous_187)
FNDA:2,(anonymous_188)
FNDA:1,(anonymous_189)
FNDA:3,(anonymous_190)
FNDA:2,(anonymous_191)
FNDA:3,(anonymous_192)
FNDA:2,(anonymous_193)
FNDA:2,(anonymous_194)
FNDA:1,(anonymous_195)
FNDA:1,(anonymous_196)
FNDA:1,(anonymous_197)
FNDA:50,(anonymous_198)
FNDA:395,loadExecutionContext
FNDA:3,(anonymous_200)
FNDA:2,(anonymous_201)
FNDA:2,(anonymous_202)
FNDA:2,(anonymous_203)
FNDA:1,(anonymous_204)
FNDA:3,(anonymous_205)
FNDA:3,(anonymous_206)
FNDA:3,(anonymous_207)
FNDA:2,(anonymous_208)
FNDA:4,(anonymous_209)
FNDA:3,(anonymous_210)
FNDA:3,(anonymous_211)
FNDA:2,(anonymous_212)
FNDA:2,(anonymous_213)
FNDA:4,(anonymous_214)
FNDA:395,loadSidePanes
FNDA:6,(anonymous_216)
FNDA:4,(anonymous_217)
FNDA:6,(anonymous_218)
FNDA:5,(anonymous_219)
FNDA:4,(anonymous_220)
FNDA:4,(anonymous_221)
FNDA:395,loadWebApi
FNDA:9,(anonymous_223)
FNDA:3,(anonymous_224)
FNDA:3,(anonymous_225)
FNDA:2,(anonymous_226)
FNDA:3,(anonymous_227)
FNDA:3,(anonymous_228)
FNDA:2,(anonymous_229)
FNDA:16,(anonymous_230)
FNDA:27,(anonymous_231)
FNDA:25,(anonymous_232)
FNDA:14,(anonymous_233)
FNDA:26,(anonymous_234)
FNDA:7,(anonymous_235)
FNDA:7,(anonymous_236)
FNDA:5,(anonymous_237)
FNDA:3,(anonymous_238)
FNDA:2,(anonymous_239)
FNDA:3,(anonymous_240)
FNDA:3,(anonymous_241)
FNDA:395,loadCopilot
FNDA:1,(anonymous_243)
FNDA:1,(anonymous_244)
FNDA:395,loadFormV3
FNDA:0,(anonymous_246)
FNDA:395,(anonymous_247)
FNDA:395,(anonymous_248)
FNDA:395,(anonymous_249)
FNDA:395,(anonymous_250)
FNDA:395,(anonymous_251)
FNDA:395,(anonymous_252)
FNDA:395,(anonymous_253)
FNDA:395,(anonymous_254)
FNDA:395,(anonymous_255)
FNDA:395,(anonymous_256)
FNDA:395,(anonymous_257)
FNDA:395,(anonymous_258)
FNDA:395,(anonymous_259)
FNDA:395,(anonymous_260)
FNDA:395,(anonymous_261)
FNDA:395,(anonymous_262)
FNDA:0,(anonymous_263)
FNDA:0,(anonymous_264)
FNDA:0,(anonymous_265)
FNDA:0,(anonymous_266)
FNDA:0,(anonymous_267)
FNDA:0,(anonymous_268)
FNDA:0,(anonymous_269)
FNDA:0,(anonymous_270)
FNDA:0,(anonymous_271)
FNDA:0,(anonymous_272)
FNDA:0,(anonymous_273)
FNDA:0,(anonymous_274)
FNDA:0,(anonymous_275)
FNDA:0,(anonymous_276)
FNDA:0,(anonymous_277)
FNDA:0,(anonymous_278)
FNDA:0,(anonymous_279)
FNDA:0,(anonymous_280)
FNDA:0,(anonymous_281)
FNDA:0,(anonymous_282)
FNDA:0,(anonymous_283)
FNDA:0,(anonymous_284)
FNDA:0,(anonymous_285)
FNDA:0,(anonymous_286)
FNDA:0,(anonymous_287)
FNDA:69,loadProcess
FNDA:73,(anonymous_289)
FNDA:22,(anonymous_290)
FNDA:2,(anonymous_291)
FNDA:2,(anonymous_292)
FNDA:2,(anonymous_293)
FNDA:2,(anonymous_294)
FNDA:2,(anonymous_295)
FNDA:36,(anonymous_296)
FNDA:3,(anonymous_297)
FNDA:1,(anonymous_298)
FNDA:5,(anonymous_299)
FNDA:6,(anonymous_300)
FNDA:2,(anonymous_301)
FNDA:16,(anonymous_302)
FNDA:2,(anonymous_303)
FNDA:32,(anonymous_304)
FNDA:1,(anonymous_305)
FNDA:1,(anonymous_306)
FNDA:1,(anonymous_307)
FNDA:29,(anonymous_308)
FNDA:26,(anonymous_309)
FNDA:1,(anonymous_310)
FNDA:2,(anonymous_311)
FNDA:4,(anonymous_312)
FNDA:1,(anonymous_313)
FNDA:1,(anonymous_314)
FNDA:1,(anonymous_315)
FNDA:32,(anonymous_316)
FNDA:2,(anonymous_317)
FNDA:1,(anonymous_318)
FNDA:1,(anonymous_319)
FNDA:1,(anonymous_320)
FNDA:2,(anonymous_321)
FNDA:1,(anonymous_322)
FNDA:2,(anonymous_323)
FNDA:1,(anonymous_324)
FNDA:2,(anonymous_325)
FNDA:1,(anonymous_326)
FNDA:1,(anonymous_327)
FNDA:1,(anonymous_328)
FNDA:1,(anonymous_329)
FNDA:1,(anonymous_330)
FNDA:1,(anonymous_331)
FNDA:1,(anonymous_332)
FNDA:1,(anonymous_333)
FNDA:1,(anonymous_334)
FNDA:1,(anonymous_335)
FNDA:1,(anonymous_336)
FNDA:2,(anonymous_337)
FNDA:2,(anonymous_338)
FNDA:1,(anonymous_339)
FNDA:1,(anonymous_340)
FNDA:1,(anonymous_341)
FNDA:1,(anonymous_342)
FNDA:1,(anonymous_343)
FNDA:1,(anonymous_344)
FNDA:1,(anonymous_345)
FNDA:1,(anonymous_346)
FNDA:1,(anonymous_347)
FNDA:1,(anonymous_348)
FNDA:395,loadUtility
FNDA:5,(anonymous_350)
FNDA:1,(anonymous_351)
FNDA:1,(anonymous_352)
FNDA:1,(anonymous_353)
FNDA:1,(anonymous_354)
FNDA:1,(anonymous_355)
FNDA:2,(anonymous_356)
FNDA:1,(anonymous_357)
FNDA:1,(anonymous_358)
FNDA:1,(anonymous_359)
FNDA:13,(anonymous_360)
FNDA:1,(anonymous_361)
FNDA:2,(anonymous_362)
FNDA:1,(anonymous_363)
FNDA:1,(anonymous_364)
FNDA:1,(anonymous_365)
FNDA:1,(anonymous_366)
FNDA:1,(anonymous_367)
FNDA:1,(anonymous_368)
FNDA:1,(anonymous_369)
FNDA:1,(anonymous_370)
FNDA:1,(anonymous_371)
FNDA:1,(anonymous_372)
FNDA:1,(anonymous_373)
FNDA:15,(anonymous_374)
FNDA:1,(anonymous_375)
FNDA:1,(anonymous_376)
FNDA:1,(anonymous_377)
FNDA:1,(anonymous_378)
FNDA:1,(anonymous_379)
FNDA:1,(anonymous_380)
FNDA:1,(anonymous_381)
FNDA:1,(anonymous_382)
FNDA:1,(anonymous_383)
FNDA:1,(anonymous_384)
FNDA:2,(anonymous_385)
FNDA:1,(anonymous_386)
FNDA:1,(anonymous_387)
FNDA:1,(anonymous_388)
FNDA:1,(anonymous_389)
FNDA:2,(anonymous_390)
FNDA:1,(anonymous_391)
FNDA:2,(anonymous_392)
FNDA:2,(anonymous_393)
FNDA:2,(anonymous_394)
FNDA:2,(anonymous_395)
FNDA:2,(anonymous_396)
FNDA:2,(anonymous_397)
FNDA:1,(anonymous_398)
FNDA:2,(anonymous_399)
FNDA:2,(anonymous_400)
FNDA:2,(anonymous_401)
FNDA:1,(anonymous_402)
FNDA:2,(anonymous_403)
FNDA:1,(anonymous_404)
FNDA:1,(anonymous_405)
FNDA:1,(anonymous_406)
FNDA:2,(anonymous_407)
FNDA:1,(anonymous_408)
FNDA:2,(anonymous_409)
FNDA:2,(anonymous_410)
FNDA:2,(anonymous_411)
FNDA:2,(anonymous_412)
FNDA:2,(anonymous_413)
FNDA:1,(anonymous_414)
FNDA:2,(anonymous_415)
FNDA:1,(anonymous_416)
FNDA:1,(anonymous_417)
FNDA:2,(anonymous_418)
FNDA:1,(anonymous_419)
FNDA:1,(anonymous_420)
FNDA:1,(anonymous_421)
FNDA:1,(anonymous_422)
FNDA:1,(anonymous_423)
FNDA:1,(anonymous_424)
FNDA:1,(anonymous_425)
FNDA:1,(anonymous_426)
FNDA:10,loadFormDialog
FNDA:1,(anonymous_428)
FNDA:0,getWebApiTypeParsers
FNDA:0,(anonymous_430)
FNDA:0,(anonymous_431)
FNDA:0,(anonymous_432)
FNDA:0,(anonymous_433)
FNDA:0,webApiReturnGet
FNDA:395,(anonymous_435)
FNDA:0,defineWebApiField
FNDA:0,(anonymous_437)
FNDA:0,(anonymous_438)
FNDA:0,(anonymous_439)
FNDA:0,(anonymous_440)
FNDA:0,(anonymous_441)
FNDA:0,createWebApiEntity
FNDA:0,(anonymous_443)
FNDA:0,(anonymous_444)
FNDA:0,(anonymous_445)
FNDA:0,(anonymous_446)
DA:2,1580
DA:3,1512
DA:5,68
DA:6,16
DA:8,52
DA:9,8
DA:11,44
DA:14,18046
DA:21,1990
DA:29,87
DA:30,87
DA:31,87
DA:32,87
DA:33,87
DA:34,87
DA:35,87
DA:36,87
DA:37,87
DA:38,87
DA:39,87
DA:40,87
DA:41,87
DA:42,87
DA:43,87
DA:44,87
DA:45,87
DA:46,87
DA:47,87
DA:48,87
DA:49,87
DA:50,87
DA:51,87
DA:52,87
DA:53,87
DA:54,87
DA:55,87
DA:56,87
DA:57,87
DA:58,0
DA:59,0
DA:61,87
DA:62,87
DA:63,87
DA:64,87
DA:65,87
DA:66,87
DA:67,87
DA:68,87
DA:69,87
DA:70,0
DA:71,0
DA:73,87
DA:74,87
DA:75,87
DA:76,87
DA:77,87
DA:78,0
DA:79,0
DA:80,0
DA:82,87
DA:83,87
DA:84,87
DA:85,87
DA:86,87
DA:87,87
DA:88,87
DA:89,87
DA:90,87
DA:91,87
DA:92,0
DA:93,0
DA:94,0
DA:96,87
DA:97,87
DA:98,87
DA:99,87
DA:100,87
DA:101,87
DA:102,87
DA:103,87
DA:104,87
DA:105,87
DA:106,87
DA:107,87
DA:108,87
DA:109,87
DA:110,87
DA:113,69
DA:114,69
DA:115,73
DA:116,73
DA:117,73
DA:118,73
DA:119,73
DA:120,0
DA:122,73
DA:124,69
DA:125,0
DA:126,0
DA:127,0
DA:128,0
DA:130,69
DA:133,0
DA:134,0
DA:135,0
DA:136,0
DA:137,0
DA:139,0
DA:141,0
DA:142,0
DA:143,0
DA:144,0
DA:145,0
DA:146,0
DA:147,0
DA:149,0
DA:150,0
DA:151,0
DA:152,0
DA:153,0
DA:154,0
DA:155,0
DA:156,0
DA:157,0
DA:158,0
DA:159,0
DA:160,0
DA:161,0
DA:164,0
DA:165,0
DA:167,0
DA:170,21
DA:171,22
DA:172,21
DA:173,22
DA:174,22
DA:175,17
DA:176,17
DA:177,25
DA:178,25
DA:179,11
DA:182,6
DA:184,21
DA:185,22
DA:186,22
DA:187,22
DA:188,22
DA:189,22
DA:191,21
DA:192,22
DA:194,21
DA:197,39
DA:198,39
DA:199,62
DA:200,62
DA:201,40
DA:203,62
DA:204,61
DA:207,39
DA:208,39
DA:209,61
DA:210,40
DA:211,40
DA:212,40
DA:213,40
DA:214,40
DA:215,40
DA:216,40
DA:217,40
DA:218,40
DA:219,40
DA:220,40
DA:221,40
DA:223,39
DA:224,40
DA:226,39
DA:229,49
DA:230,50
DA:231,49
DA:232,13
DA:233,13
DA:234,13
DA:235,13
DA:236,13
DA:237,13
DA:238,13
DA:239,13
DA:240,13
DA:242,49
DA:243,22
DA:244,22
DA:245,13
DA:246,13
DA:247,13
DA:248,11
DA:249,11
DA:251,13
DA:252,1
DA:253,1
DA:254,2
DA:255,2
DA:258,13
DA:260,22
DA:261,22
DA:262,22
DA:263,22
DA:264,22
DA:266,49
DA:267,50
DA:268,50
DA:269,26
DA:270,26
DA:271,26
DA:272,26
DA:273,4
DA:274,4
DA:275,4
DA:276,3
DA:279,26
DA:281,50
DA:282,50
DA:283,50
DA:284,50
DA:285,50
DA:286,22
DA:287,22
DA:288,22
DA:289,20
DA:292,50
DA:293,4
DA:294,4
DA:295,4
DA:296,2
DA:299,50
DA:300,50
DA:301,4
DA:302,4
DA:303,4
DA:304,4
DA:305,4
DA:307,50
DA:308,50
DA:309,50
DA:310,50
DA:311,50
DA:312,50
DA:313,50
DA:315,49
DA:316,50
DA:318,49
DA:321,395
DA:322,395
DA:323,395
DA:324,395
DA:325,395
DA:326,395
DA:327,395
DA:328,395
DA:329,395
DA:330,395
DA:331,395
DA:332,395
DA:333,395
DA:334,395
DA:335,395
DA:336,395
DA:337,395
DA:340,395
DA:341,395
DA:342,395
DA:343,395
DA:344,395
DA:345,395
DA:346,395
DA:347,395
DA:348,395
DA:351,395
DA:352,395
DA:353,395
DA:354,395
DA:355,395
DA:356,395
DA:358,9
DA:359,9
DA:360,9
DA:361,9
DA:362,9
DA:364,9
DA:365,9
DA:366,9
DA:367,9
DA:368,8
DA:369,1
DA:372,395
DA:373,3
DA:374,3
DA:375,1
DA:377,2
DA:380,395
DA:381,3
DA:382,3
DA:383,1
DA:385,2
DA:390,395
DA:391,2
DA:392,2
DA:393,1
DA:395,1
DA:398,395
DA:399,3
DA:400,3
DA:401,1
DA:403,2
DA:406,395
DA:407,3
DA:408,3
DA:409,1
DA:411,2
DA:414,395
DA:415,2
DA:416,2
DA:417,1
DA:419,1
DA:422,395
DA:426,27
DA:427,25
DA:428,16
DA:432,16
DA:433,10
DA:434,10
DA:435,7
DA:437,10
DA:438,9
DA:440,1
DA:442,8
DA:443,1
DA:444,1
DA:445,1
DA:446,7
DA:447,3
DA:448,3
DA:449,2
DA:450,2
DA:454,6
DA:455,6
DA:456,6
DA:457,1
DA:458,1
DA:459,1
DA:460,5
DA:461,2
DA:464,14
DA:465,14
DA:466,13
DA:467,26
DA:472,1
DA:474,14
DA:475,5
DA:477,9
DA:480,395
DA:481,7
DA:482,1
DA:483,1
DA:484,1
DA:486,7
DA:487,3
DA:489,7
DA:490,7
DA:494,7
DA:495,3
DA:497,4
DA:500,395
DA:501,5
DA:502,5
DA:503,3
DA:504,3
DA:505,1
DA:507,2
DA:510,5
DA:511,2
DA:512,2
DA:513,1
DA:515,1
DA:518,5
DA:520,395
DA:521,3
DA:522,3
DA:523,3
DA:525,395
DA:528,395
DA:529,395
DA:530,395
DA:531,395
DA:532,1
DA:533,1
DA:534,0
DA:536,1
DA:539,395
DA:540,1
DA:541,1
DA:542,0
DA:544,1
DA:547,395
DA:614,395
DA:615,395
DA:616,395
DA:617,395
DA:618,395
DA:619,395
DA:620,395
DA:621,0
DA:622,0
DA:623,0
DA:624,0
DA:625,0
DA:628,0
DA:630,395
DA:631,395
DA:632,395
DA:633,395
DA:634,395
DA:635,395
DA:636,395
DA:637,395
DA:638,395
DA:639,395
DA:640,395
DA:641,395
DA:642,395
DA:643,395
DA:644,395
DA:645,395
DA:646,395
DA:647,395
DA:648,395
DA:649,395
DA:650,395
DA:651,395
DA:652,395
DA:653,395
DA:654,395
DA:655,395
DA:656,395
DA:657,0
DA:658,0
DA:659,0
DA:661,395
DA:662,395
DA:663,395
DA:664,395
DA:665,0
DA:666,0
DA:667,0
DA:669,395
DA:670,395
DA:671,395
DA:672,395
DA:673,395
DA:674,395
DA:675,395
DA:676,395
DA:677,395
DA:678,395
DA:679,395
DA:680,395
DA:681,395
DA:682,395
DA:683,395
DA:684,395
DA:685,395
DA:686,395
DA:687,395
DA:688,395
DA:689,395
DA:690,395
DA:693,69
DA:695,69
DA:696,69
DA:697,69
DA:698,73
DA:699,73
DA:700,69
DA:702,73
DA:704,69
DA:705,69
DA:706,69
DA:707,69
DA:708,69
DA:709,22
DA:710,22
DA:711,22
DA:712,22
DA:713,22
DA:714,22
DA:715,22
DA:717,69
DA:718,36
DA:719,36
DA:720,36
DA:721,36
DA:722,36
DA:723,36
DA:724,36
DA:725,16
DA:726,16
DA:727,15
DA:728,15
DA:729,15
DA:730,22
DA:732,15
DA:734,36
DA:735,36
DA:737,69
DA:738,32
DA:739,32
DA:740,32
DA:741,32
DA:742,32
DA:743,29
DA:744,29
DA:745,29
DA:746,26
DA:747,26
DA:749,29
DA:750,29
DA:751,2
DA:752,2
DA:753,3
DA:754,3
DA:757,29
DA:759,32
DA:761,69
DA:762,4
DA:763,4
DA:764,1
DA:765,1
DA:767,4
DA:768,4
DA:769,1
DA:770,1
DA:771,3
DA:772,3
DA:775,4
DA:777,69
DA:778,69
DA:779,69
DA:780,69
DA:781,69
DA:782,69
DA:783,69
DA:784,69
DA:785,69
DA:786,69
DA:787,69
DA:788,69
DA:789,69
DA:790,69
DA:791,1
DA:792,1
DA:796,1
DA:799,69
DA:800,69
DA:801,69
DA:802,2
DA:803,2
DA:812,2
DA:815,69
DA:816,69
DA:817,69
DA:818,69
DA:819,69
DA:820,69
DA:821,69
DA:822,69
DA:823,69
DA:824,69
DA:827,395
DA:828,395
DA:829,395
DA:830,395
DA:831,395
DA:832,395
DA:833,395
DA:834,395
DA:835,395
DA:836,395
DA:837,5
DA:838,5
DA:839,5
DA:840,5
DA:841,5
DA:842,5
DA:843,5
DA:844,5
DA:846,395
DA:847,395
DA:849,395
DA:850,395
DA:851,395
DA:852,13
DA:853,13
DA:855,13
DA:856,13
DA:857,13
DA:858,13
DA:860,13
DA:861,13
DA:863,13
DA:864,13
DA:866,13
DA:867,13
DA:868,13
DA:869,13
DA:870,13
DA:872,395
DA:873,395
DA:874,15
DA:875,15
DA:876,15
DA:877,15
DA:878,15
DA:879,15
DA:880,15
DA:881,15
DA:882,15
DA:883,15
DA:884,15
DA:885,15
DA:886,15
DA:887,15
DA:888,15
DA:889,15
DA:890,15
DA:892,395
DA:893,395
DA:894,2
DA:895,2
DA:896,1
DA:898,395
DA:899,395
DA:900,2
DA:901,2
DA:902,1
DA:904,395
DA:905,2
DA:906,2
DA:907,1
DA:909,395
DA:910,2
DA:911,2
DA:912,1
DA:914,395
DA:915,2
DA:916,2
DA:917,1
DA:919,395
DA:920,2
DA:921,2
DA:922,1
DA:924,395
DA:925,2
DA:926,2
DA:927,1
DA:929,395
DA:930,395
DA:931,2
DA:932,2
DA:933,1
DA:935,395
DA:936,2
DA:937,2
DA:938,1
DA:940,395
DA:941,2
DA:942,2
DA:943,1
DA:946,395
DA:947,395
DA:948,2
DA:949,2
DA:950,1
DA:952,395
DA:953,395
DA:954,395
DA:955,395
DA:956,2
DA:957,2
DA:958,1
DA:960,395
DA:961,395
DA:962,2
DA:963,2
DA:964,1
DA:966,395
DA:967,2
DA:968,2
DA:969,1
DA:971,395
DA:972,2
DA:973,2
DA:974,1
DA:976,395
DA:977,2
DA:978,2
DA:979,1
DA:981,395
DA:982,2
DA:983,2
DA:984,1
DA:986,395
DA:987,395
DA:988,2
DA:989,2
DA:990,1
DA:992,395
DA:993,395
DA:994,395
DA:995,2
DA:996,2
DA:997,1
DA:999,395
DA:1000,395
DA:1002,395
DA:1003,395
DA:1004,395
DA:1005,395
DA:1006,395
DA:1007,395
DA:1008,395
DA:1011,10
DA:1012,10
DA:1013,10
DA:1014,14
DA:1015,14
DA:1016,14
DA:1017,14
DA:1018,14
DA:1020,10
DA:1021,10
DA:1024,0
DA:1026,0
DA:1027,0
DA:1028,0
DA:1029,0
DA:1030,0
DA:1031,0
DA:1032,0
DA:1033,0
DA:1036,0
DA:1037,0
DA:1040,0
DA:1041,0
DA:1044,0
DA:1045,0
DA:1046,0
DA:1047,0
DA:1048,0
DA:1049,0
DA:1050,0
DA:1051,0
DA:1052,0
DA:1057,0
DA:1058,0
DA:1059,0
DA:1060,0
DA:1062,9
DA:1117,395
DA:1122,395
DA:1123,395
DA:1124,395
DA:1125,395
DA:1126,395
DA:1127,395
DA:1128,395
DA:1129,395
DA:1130,395
DA:1131,395
DA:1132,395
DA:1133,395
DA:1134,395
DA:1135,395
DA:1136,395
DA:1137,395
DA:1138,395
DA:1139,395
DA:1140,395
DA:1141,395
DA:1142,395
DA:1143,395
DA:1144,395
DA:1145,395
DA:1146,395
DA:1147,395
DA:1148,395
DA:1149,395
DA:1150,395
DA:1151,395
DA:1152,395
DA:1153,395
DA:1154,395
DA:1155,395
DA:1156,395
DA:1157,395
DA:1158,395
DA:1159,395
DA:1160,395
DA:1161,395
DA:1162,395
DA:1163,395
DA:1164,395
DA:1165,395
DA:1166,395
DA:1167,395
DA:1168,395
DA:1169,395
DA:1170,395
DA:1173,9
DA:1174,0
DA:1175,0
DA:1176,0
DA:1177,0
DA:1178,0
DA:1180,0
DA:1181,0
DA:1182,0
DA:1183,0
DA:1185,0
DA:1187,0
DA:1188,0
DA:1190,0
DA:1192,0
DA:1193,0
DA:1194,0
DA:1196,0
DA:1197,0
DA:1198,0
DA:1199,0
DA:1201,0
DA:1203,0
DA:1204,0
DA:1206,0
DA:1208,0
DA:1209,0
DA:1210,0
DA:1211,0
DA:1212,0
DA:1213,0
DA:1215,0
DA:1216,0
DA:1219,0
DA:1221,0
DA:1223,0
DA:1226,0
DA:1227,0
DA:1231,0
DA:1237,9
DA:1238,0
DA:1239,0
DA:1240,0
DA:1248,0
DA:1249,0
DA:1251,0
DA:1252,0
DA:1254,0
DA:1257,0
DA:1258,0
DA:1259,0
DA:1261,0
DA:1262,0
DA:1264,0
DA:1267,0
DA:1268,0
DA:1270,0
LF:873
LH:734
BRDA:2,0,0,1512
BRDA:2,0,1,68
BRDA:2,1,0,1580
BRDA:2,1,1,1576
BRDA:5,2,0,16
BRDA:5,2,1,52
BRDA:5,3,0,68
BRDA:5,3,1,44
BRDA:5,3,2,40
BRDA:8,4,0,8
BRDA:8,4,1,44
BRDA:8,5,0,52
BRDA:8,5,1,28
BRDA:8,5,2,20
BRDA:8,5,3,16
BRDA:58,6,0,0
BRDA:58,6,1,0
BRDA:58,7,0,0
BRDA:58,7,1,0
BRDA:70,8,0,0
BRDA:70,8,1,0
BRDA:70,9,0,0
BRDA:70,9,1,0
BRDA:93,10,0,0
BRDA:93,10,1,0
BRDA:116,11,0,0
BRDA:116,11,1,73
BRDA:117,12,0,73
BRDA:117,12,1,73
BRDA:119,13,0,0
BRDA:119,13,1,73
BRDA:119,14,0,73
BRDA:119,14,1,73
BRDA:124,15,0,0
BRDA:124,15,1,69
BRDA:136,16,0,0
BRDA:136,16,1,0
BRDA:174,17,0,5
BRDA:174,17,1,17
BRDA:178,18,0,11
BRDA:178,18,1,14
BRDA:200,19,0,40
BRDA:200,19,1,22
BRDA:203,20,0,61
BRDA:203,20,1,1
BRDA:274,21,0,4
BRDA:274,21,1,2
BRDA:343,22,0,1
BRDA:343,22,1,3
BRDA:360,23,0,9
BRDA:360,23,1,0
BRDA:367,24,0,8
BRDA:367,24,1,1
BRDA:367,25,0,9
BRDA:367,25,1,9
BRDA:374,26,0,1
BRDA:374,26,1,2
BRDA:382,27,0,1
BRDA:382,27,1,2
BRDA:392,28,0,1
BRDA:392,28,1,1
BRDA:400,29,0,1
BRDA:400,29,1,2
BRDA:408,30,0,1
BRDA:408,30,1,2
BRDA:416,31,0,1
BRDA:416,31,1,1
BRDA:427,32,0,25
BRDA:427,32,1,25
BRDA:428,33,0,16
BRDA:428,33,1,16
BRDA:428,33,2,14
BRDA:428,33,3,7
BRDA:428,33,4,1
BRDA:432,34,0,10
BRDA:432,34,1,6
BRDA:434,35,0,7
BRDA:434,35,1,3
BRDA:437,36,0,9
BRDA:437,36,1,1
BRDA:437,37,0,10
BRDA:437,37,1,1
BRDA:442,38,0,1
BRDA:442,38,1,7
BRDA:446,39,0,3
BRDA:446,39,1,4
BRDA:448,40,0,2
BRDA:448,40,1,1
BRDA:456,41,0,1
BRDA:456,41,1,5
BRDA:460,42,0,2
BRDA:460,42,1,3
BRDA:465,43,0,13
BRDA:465,43,1,1
BRDA:465,44,0,14
BRDA:465,44,1,14
BRDA:467,45,0,2
BRDA:467,45,1,24
BRDA:467,46,0,26
BRDA:467,46,1,26
BRDA:474,47,0,5
BRDA:474,47,1,9
BRDA:481,48,0,1
BRDA:481,48,1,6
BRDA:486,49,0,3
BRDA:486,49,1,4
BRDA:490,50,0,1
BRDA:490,50,1,6
BRDA:490,51,0,7
BRDA:490,51,1,7
BRDA:494,52,0,3
BRDA:494,52,1,4
BRDA:504,53,0,1
BRDA:504,53,1,2
BRDA:512,54,0,1
BRDA:512,54,1,1
BRDA:533,55,0,0
BRDA:533,55,1,1
BRDA:541,56,0,0
BRDA:541,56,1,1
BRDA:614,57,0,395
BRDA:614,57,1,0
BRDA:614,57,2,0
BRDA:621,58,0,0
BRDA:621,58,1,0
BRDA:624,59,0,0
BRDA:624,59,1,0
BRDA:624,60,0,0
BRDA:624,60,1,0
BRDA:658,61,0,0
BRDA:658,61,1,0
BRDA:666,62,0,0
BRDA:666,62,1,0
BRDA:675,63,0,0
BRDA:675,64,0,0
BRDA:675,65,0,0
BRDA:675,66,0,0
BRDA:675,67,0,0
BRDA:675,68,0,0
BRDA:675,69,0,0
BRDA:675,70,0,395
BRDA:676,71,0,0
BRDA:676,71,1,395
BRDA:677,72,0,0
BRDA:677,72,1,395
BRDA:679,73,0,0
BRDA:679,73,1,395
BRDA:680,74,0,69
BRDA:680,74,1,326
BRDA:681,75,0,39
BRDA:681,75,1,356
BRDA:682,76,0,49
BRDA:682,76,1,346
BRDA:683,77,0,21
BRDA:683,77,1,374
BRDA:684,78,0,0
BRDA:684,78,1,395
BRDA:699,79,0,69
BRDA:699,79,1,4
BRDA:726,80,0,1
BRDA:726,80,1,15
BRDA:728,81,0,15
BRDA:728,81,1,1
BRDA:734,82,0,1
BRDA:734,82,1,1
BRDA:751,83,0,2
BRDA:751,83,1,1
BRDA:895,84,0,1
BRDA:895,84,1,1
BRDA:901,85,0,1
BRDA:901,85,1,1
BRDA:906,86,0,1
BRDA:906,86,1,1
BRDA:911,87,0,1
BRDA:911,87,1,1
BRDA:916,88,0,1
BRDA:916,88,1,1
BRDA:921,89,0,1
BRDA:921,89,1,1
BRDA:926,90,0,1
BRDA:926,90,1,1
BRDA:932,91,0,1
BRDA:932,91,1,1
BRDA:937,92,0,1
BRDA:937,92,1,1
BRDA:942,93,0,1
BRDA:942,93,1,1
BRDA:949,94,0,1
BRDA:949,94,1,1
BRDA:957,95,0,1
BRDA:957,95,1,1
BRDA:963,96,0,1
BRDA:963,96,1,1
BRDA:968,97,0,1
BRDA:968,97,1,1
BRDA:973,98,0,1
BRDA:973,98,1,1
BRDA:978,99,0,1
BRDA:978,99,1,1
BRDA:983,100,0,1
BRDA:983,100,1,1
BRDA:989,101,0,1
BRDA:989,101,1,1
BRDA:996,102,0,1
BRDA:996,102,1,1
BRDA:1012,103,0,10
BRDA:1012,103,1,0
BRDA:1026,104,0,0
BRDA:1026,104,1,0
BRDA:1026,105,0,0
BRDA:1026,105,1,0
BRDA:1027,106,0,0
BRDA:1027,106,1,0
BRDA:1027,107,0,0
BRDA:1027,107,1,0
BRDA:1029,108,0,0
BRDA:1029,108,1,0
BRDA:1031,109,0,0
BRDA:1031,109,1,0
BRDA:1033,110,0,0
BRDA:1033,110,1,0
BRDA:1037,111,0,0
BRDA:1037,111,1,0
BRDA:1041,112,0,0
BRDA:1041,112,1,0
BRDA:1044,113,0,0
BRDA:1044,113,1,0
BRDA:1044,114,0,0
BRDA:1044,114,1,0
BRDA:1045,115,0,0
BRDA:1045,115,1,0
BRDA:1046,116,0,0
BRDA:1046,116,1,0
BRDA:1050,117,0,0
BRDA:1050,117,1,0
BRDA:1051,118,0,0
BRDA:1051,118,1,0
BRDA:1057,119,0,0
BRDA:1057,119,1,0
BRDA:1057,120,0,0
BRDA:1057,120,1,0
BRDA:1058,121,0,0
BRDA:1058,121,1,0
BRDA:1058,122,0,0
BRDA:1058,122,1,0
BRDA:1060,123,0,0
BRDA:1060,123,1,0
BRDA:1177,124,0,0
BRDA:1177,124,1,0
BRDA:1177,125,0,0
BRDA:1177,125,1,0
BRDA:1180,126,0,0
BRDA:1180,126,1,0
BRDA:1180,127,0,0
BRDA:1180,127,1,0
BRDA:1182,128,0,0
BRDA:1182,128,1,0
BRDA:1187,129,0,0
BRDA:1187,129,1,0
BRDA:1188,130,0,0
BRDA:1188,130,1,0
BRDA:1193,131,0,0
BRDA:1193,131,1,0
BRDA:1193,132,0,0
BRDA:1193,132,1,0
BRDA:1196,133,0,0
BRDA:1196,133,1,0
BRDA:1196,134,0,0
BRDA:1196,134,1,0
BRDA:1198,135,0,0
BRDA:1198,135,1,0
BRDA:1198,136,0,0
BRDA:1198,136,1,0
BRDA:1203,137,0,0
BRDA:1203,137,1,0
BRDA:1204,138,0,0
BRDA:1204,138,1,0
BRDA:1209,139,0,0
BRDA:1209,139,1,0
BRDA:1210,140,0,0
BRDA:1210,140,1,0
BRDA:1210,141,0,0
BRDA:1210,141,1,0
BRDA:1211,142,0,0
BRDA:1211,142,1,0
BRDA:1212,143,0,0
BRDA:1212,143,1,0
BRDA:1215,144,0,0
BRDA:1215,144,1,0
BRDA:1226,145,0,0
BRDA:1226,145,1,0
BRDA:1238,146,0,0
BRDA:1238,146,1,0
BRDA:1247,147,0,0
BRDA:1248,148,0,0
BRDA:1248,148,1,0
BRDA:1248,149,0,0
BRDA:1248,149,1,0
BRDA:1251,150,0,0
BRDA:1251,150,1,0
BRDA:1256,151,0,0
BRDA:1258,152,0,0
BRDA:1258,152,1,0
BRDA:1258,153,0,0
BRDA:1258,153,1,0
BRDA:1261,154,0,0
BRDA:1261,154,1,0
BRDA:1262,155,0,0
BRDA:1262,155,1,0
BRF:309
BRH:165
end_of_record
