TN:
SF:lib\devkit.ts
FN:1,getXrm
FN:13,getter
FN:20,getterSetter
FN:28,loadField
FN:29,(anonymous_4)
FN:30,(anonymous_5)
FN:31,(anonymous_6)
FN:32,(anonymous_7)
FN:33,(anonymous_8)
FN:34,(anonymous_9)
FN:35,(anonymous_10)
FN:36,(anonymous_11)
FN:37,(anonymous_12)
FN:38,(anonymous_13)
FN:39,(anonymous_14)
FN:40,(anonymous_15)
FN:41,(anonymous_16)
FN:42,(anonymous_17)
FN:43,(anonymous_18)
FN:44,(anonymous_19)
FN:45,(anonymous_20)
FN:46,(anonymous_21)
FN:47,(anonymous_22)
FN:48,(anonymous_23)
FN:49,(anonymous_24)
FN:50,(anonymous_25)
FN:51,(anonymous_26)
FN:52,(anonymous_27)
FN:53,(anonymous_28)
FN:54,(anonymous_29)
FN:55,(anonymous_30)
FN:55,(anonymous_31)
FN:56,(anonymous_32)
FN:56,(anonymous_33)
FN:57,(anonymous_34)
FN:57,(anonymous_35)
FN:61,(anonymous_36)
FN:61,(anonymous_37)
FN:62,(anonymous_38)
FN:62,(anonymous_39)
FN:63,(anonymous_40)
FN:63,(anonymous_41)
FN:64,(anonymous_42)
FN:64,(anonymous_43)
FN:65,(anonymous_44)
FN:65,(anonymous_45)
FN:66,(anonymous_46)
FN:66,(anonymous_47)
FN:67,(anonymous_48)
FN:67,(anonymous_49)
FN:68,(anonymous_50)
FN:68,(anonymous_51)
FN:69,(anonymous_52)
FN:69,(anonymous_53)
FN:73,(anonymous_54)
FN:73,(anonymous_55)
FN:74,(anonymous_56)
FN:75,(anonymous_57)
FN:76,(anonymous_58)
FN:77,(anonymous_59)
FN:82,(anonymous_60)
FN:83,(anonymous_61)
FN:84,(anonymous_62)
FN:85,(anonymous_63)
FN:86,(anonymous_64)
FN:87,(anonymous_65)
FN:88,(anonymous_66)
FN:89,(anonymous_67)
FN:90,(anonymous_68)
FN:91,(anonymous_69)
FN:96,(anonymous_70)
FN:97,(anonymous_71)
FN:98,(anonymous_72)
FN:99,(anonymous_73)
FN:100,(anonymous_74)
FN:101,(anonymous_75)
FN:102,(anonymous_76)
FN:103,(anonymous_77)
FN:104,(anonymous_78)
FN:105,(anonymous_79)
FN:106,(anonymous_80)
FN:107,(anonymous_81)
FN:108,(anonymous_82)
FN:109,(anonymous_83)
FN:110,(anonymous_84)
FN:112,loadFields
FN:114,(anonymous_86)
FN:126,(anonymous_87)
FN:126,(anonymous_88)
FN:127,(anonymous_89)
FN:127,(anonymous_90)
FN:128,(anonymous_91)
FN:128,(anonymous_92)
FN:132,loadTabs
FN:134,(anonymous_94)
FN:141,(anonymous_95)
FN:144,(anonymous_96)
FN:145,(anonymous_97)
FN:146,(anonymous_98)
FN:146,(anonymous_99)
FN:147,(anonymous_100)
FN:147,(anonymous_101)
FN:149,(anonymous_102)
FN:151,(anonymous_103)
FN:152,(anonymous_104)
FN:153,(anonymous_105)
FN:153,(anonymous_106)
FN:154,(anonymous_107)
FN:154,(anonymous_108)
FN:155,(anonymous_109)
FN:155,(anonymous_110)
FN:156,(anonymous_111)
FN:156,(anonymous_112)
FN:157,(anonymous_113)
FN:158,(anonymous_114)
FN:159,(anonymous_115)
FN:160,(anonymous_116)
FN:164,(anonymous_117)
FN:169,loadNavigations
FN:171,(anonymous_119)
FN:172,(anonymous_120)
FN:184,(anonymous_121)
FN:186,(anonymous_122)
FN:187,(anonymous_123)
FN:187,(anonymous_124)
FN:188,(anonymous_125)
FN:188,(anonymous_126)
FN:189,(anonymous_127)
FN:191,(anonymous_128)
FN:196,loadQuickForms
FN:198,(anonymous_130)
FN:208,(anonymous_131)
FN:209,(anonymous_132)
FN:211,(anonymous_133)
FN:212,(anonymous_134)
FN:213,(anonymous_135)
FN:214,(anonymous_136)
FN:215,(anonymous_137)
FN:215,(anonymous_138)
FN:216,(anonymous_139)
FN:216,(anonymous_140)
FN:217,(anonymous_141)
FN:217,(anonymous_142)
FN:218,(anonymous_143)
FN:219,(anonymous_144)
FN:220,(anonymous_145)
FN:221,(anonymous_146)
FN:223,(anonymous_147)
FN:228,loadGrids
FN:230,(anonymous_149)
FN:231,(anonymous_150)
FN:233,(anonymous_151)
FN:234,(anonymous_152)
FN:235,(anonymous_153)
FN:235,(anonymous_154)
FN:236,(anonymous_155)
FN:236,(anonymous_156)
FN:237,(anonymous_157)
FN:237,(anonymous_158)
FN:238,(anonymous_159)
FN:239,(anonymous_160)
FN:242,(anonymous_161)
FN:244,(anonymous_162)
FN:246,(anonymous_163)
FN:247,(anonymous_164)
FN:251,(anonymous_165)
FN:260,(anonymous_166)
FN:261,(anonymous_167)
FN:262,(anonymous_168)
FN:263,(anonymous_169)
FN:266,(anonymous_170)
FN:268,(anonymous_171)
FN:270,(anonymous_172)
FN:271,(anonymous_173)
FN:272,(anonymous_174)
FN:281,(anonymous_175)
FN:282,(anonymous_176)
FN:283,(anonymous_177)
FN:284,(anonymous_178)
FN:285,(anonymous_179)
FN:288,(anonymous_180)
FN:289,(anonymous_181)
FN:292,(anonymous_182)
FN:295,(anonymous_183)
FN:296,(anonymous_184)
FN:299,(anonymous_185)
FN:300,(anonymous_186)
FN:303,(anonymous_187)
FN:304,(anonymous_188)
FN:304,(anonymous_189)
FN:307,(anonymous_190)
FN:307,(anonymous_191)
FN:308,(anonymous_192)
FN:309,(anonymous_193)
FN:310,(anonymous_194)
FN:311,(anonymous_195)
FN:312,(anonymous_196)
FN:313,(anonymous_197)
FN:315,(anonymous_198)
FN:320,loadExecutionContext
FN:322,(anonymous_200)
FN:323,(anonymous_201)
FN:324,(anonymous_202)
FN:325,(anonymous_203)
FN:326,(anonymous_204)
FN:327,(anonymous_205)
FN:328,(anonymous_206)
FN:329,(anonymous_207)
FN:330,(anonymous_208)
FN:331,(anonymous_209)
FN:332,(anonymous_210)
FN:333,(anonymous_211)
FN:334,(anonymous_212)
FN:335,(anonymous_213)
FN:336,(anonymous_214)
FN:339,loadSidePanes
FN:343,(anonymous_216)
FN:343,(anonymous_217)
FN:344,(anonymous_218)
FN:345,(anonymous_219)
FN:346,(anonymous_220)
FN:347,(anonymous_221)
FN:350,loadWebApi
FN:356,(anonymous_223)
FN:373,(anonymous_224)
FN:381,(anonymous_225)
FN:389,(anonymous_226)
FN:397,(anonymous_227)
FN:405,(anonymous_228)
FN:413,(anonymous_229)
FN:421,(anonymous_230)
FN:429,(anonymous_231)
FN:433,(anonymous_232)
FN:434,(anonymous_233)
FN:471,(anonymous_234)
FN:473,(anonymous_235)
FN:487,(anonymous_236)
FN:496,(anonymous_237)
FN:507,(anonymous_238)
FN:509,(anonymous_239)
FN:517,(anonymous_240)
FN:527,(anonymous_241)
FN:529,(anonymous_242)
FN:534,loadCopilot
FN:538,(anonymous_244)
FN:546,(anonymous_245)
FN:556,loadFormV3
FN:627,(anonymous_247)
FN:637,(anonymous_248)
FN:638,(anonymous_249)
FN:639,(anonymous_250)
FN:640,(anonymous_251)
FN:641,(anonymous_252)
FN:642,(anonymous_253)
FN:643,(anonymous_254)
FN:644,(anonymous_255)
FN:645,(anonymous_256)
FN:646,(anonymous_257)
FN:647,(anonymous_258)
FN:648,(anonymous_259)
FN:649,(anonymous_260)
FN:650,(anonymous_261)
FN:651,(anonymous_262)
FN:652,(anonymous_263)
FN:653,(anonymous_264)
FN:654,(anonymous_265)
FN:655,(anonymous_266)
FN:656,(anonymous_267)
FN:657,(anonymous_268)
FN:658,(anonymous_269)
FN:659,(anonymous_270)
FN:659,(anonymous_271)
FN:660,(anonymous_272)
FN:660,(anonymous_273)
FN:661,(anonymous_274)
FN:661,(anonymous_275)
FN:662,(anonymous_276)
FN:662,(anonymous_277)
FN:663,(anonymous_278)
FN:668,(anonymous_279)
FN:669,(anonymous_280)
FN:670,(anonymous_281)
FN:671,(anonymous_282)
FN:676,(anonymous_283)
FN:677,(anonymous_284)
FN:678,(anonymous_285)
FN:679,(anonymous_286)
FN:680,(anonymous_287)
FN:681,(anonymous_288)
FN:699,loadProcess
FN:704,(anonymous_290)
FN:715,(anonymous_291)
FN:717,(anonymous_292)
FN:718,(anonymous_293)
FN:719,(anonymous_294)
FN:720,(anonymous_295)
FN:721,(anonymous_296)
FN:724,(anonymous_297)
FN:726,(anonymous_298)
FN:727,(anonymous_299)
FN:728,(anonymous_300)
FN:729,(anonymous_301)
FN:730,(anonymous_302)
FN:731,(anonymous_303)
FN:741,(anonymous_304)
FN:744,(anonymous_305)
FN:746,(anonymous_306)
FN:747,(anonymous_307)
FN:748,(anonymous_308)
FN:749,(anonymous_309)
FN:752,(anonymous_310)
FN:756,(anonymous_311)
FN:757,(anonymous_312)
FN:768,(anonymous_313)
FN:770,(anonymous_314)
FN:774,(anonymous_315)
FN:775,(anonymous_316)
FN:784,(anonymous_317)
FN:785,(anonymous_318)
FN:786,(anonymous_319)
FN:787,(anonymous_320)
FN:788,(anonymous_321)
FN:789,(anonymous_322)
FN:789,(anonymous_323)
FN:790,(anonymous_324)
FN:790,(anonymous_325)
FN:791,(anonymous_326)
FN:791,(anonymous_327)
FN:792,(anonymous_328)
FN:793,(anonymous_329)
FN:794,(anonymous_330)
FN:795,(anonymous_331)
FN:796,(anonymous_332)
FN:797,(anonymous_333)
FN:798,(anonymous_334)
FN:799,(anonymous_335)
FN:806,(anonymous_336)
FN:807,(anonymous_337)
FN:808,(anonymous_338)
FN:809,(anonymous_339)
FN:810,(anonymous_340)
FN:822,(anonymous_341)
FN:823,(anonymous_342)
FN:824,(anonymous_343)
FN:825,(anonymous_344)
FN:826,(anonymous_345)
FN:827,(anonymous_346)
FN:828,(anonymous_347)
FN:829,(anonymous_348)
FN:830,(anonymous_349)
FN:833,loadUtility
FN:843,(anonymous_351)
FN:846,(anonymous_352)
FN:847,(anonymous_353)
FN:848,(anonymous_354)
FN:849,(anonymous_355)
FN:850,(anonymous_356)
FN:853,(anonymous_357)
FN:854,(anonymous_358)
FN:856,(anonymous_359)
FN:857,(anonymous_360)
FN:858,(anonymous_361)
FN:862,(anonymous_362)
FN:863,(anonymous_363)
FN:864,(anonymous_364)
FN:865,(anonymous_365)
FN:867,(anonymous_366)
FN:868,(anonymous_367)
FN:870,(anonymous_368)
FN:871,(anonymous_369)
FN:873,(anonymous_370)
FN:874,(anonymous_371)
FN:875,(anonymous_372)
FN:876,(anonymous_373)
FN:879,(anonymous_374)
FN:880,(anonymous_375)
FN:883,(anonymous_376)
FN:884,(anonymous_377)
FN:885,(anonymous_378)
FN:886,(anonymous_379)
FN:887,(anonymous_380)
FN:888,(anonymous_381)
FN:889,(anonymous_382)
FN:890,(anonymous_383)
FN:891,(anonymous_384)
FN:892,(anonymous_385)
FN:893,(anonymous_386)
FN:894,(anonymous_387)
FN:895,(anonymous_388)
FN:896,(anonymous_389)
FN:899,(anonymous_390)
FN:900,(anonymous_391)
FN:905,(anonymous_392)
FN:906,(anonymous_393)
FN:911,(anonymous_394)
FN:916,(anonymous_395)
FN:921,(anonymous_396)
FN:926,(anonymous_397)
FN:931,(anonymous_398)
FN:936,(anonymous_399)
FN:937,(anonymous_400)
FN:942,(anonymous_401)
FN:947,(anonymous_402)
FN:953,(anonymous_403)
FN:954,(anonymous_404)
FN:959,(anonymous_405)
FN:960,(anonymous_406)
FN:961,(anonymous_407)
FN:962,(anonymous_408)
FN:967,(anonymous_409)
FN:968,(anonymous_410)
FN:973,(anonymous_411)
FN:978,(anonymous_412)
FN:983,(anonymous_413)
FN:988,(anonymous_414)
FN:993,(anonymous_415)
FN:994,(anonymous_416)
FN:999,(anonymous_417)
FN:1000,(anonymous_418)
FN:1001,(anonymous_419)
FN:1006,(anonymous_420)
FN:1007,(anonymous_421)
FN:1009,(anonymous_422)
FN:1010,(anonymous_423)
FN:1011,(anonymous_424)
FN:1012,(anonymous_425)
FN:1013,(anonymous_426)
FN:1014,(anonymous_427)
FN:1017,loadFormDialog
FN:1027,(anonymous_429)
FN:1030,getWebApiTypeParsers
FN:1032,(anonymous_431)
FN:1042,(anonymous_432)
FN:1046,(anonymous_433)
FN:1050,(anonymous_434)
FN:1063,webApiReturnGet
FN:1119,(anonymous_436)
FN:1180,defineWebApiField
FN:1182,(anonymous_438)
FN:1195,(anonymous_439)
FN:1199,(anonymous_440)
FN:1211,(anonymous_441)
FN:1215,(anonymous_442)
FN:1244,createWebApiEntity
FN:1254,(anonymous_444)
FN:1259,(anonymous_445)
FN:1263,(anonymous_446)
FN:1269,(anonymous_447)
FNF:448
FNH:275
FNDA:1328,getXrm
FNDA:15841,getter
FNDA:1927,getterSetter
FNDA:87,loadField
FNDA:0,(anonymous_4)
FNDA:0,(anonymous_5)
FNDA:0,(anonymous_6)
FNDA:1,(anonymous_7)
FNDA:0,(anonymous_8)
FNDA:0,(anonymous_9)
FNDA:0,(anonymous_10)
FNDA:0,(anonymous_11)
FNDA:1,(anonymous_12)
FNDA:0,(anonymous_13)
FNDA:0,(anonymous_14)
FNDA:0,(anonymous_15)
FNDA:0,(anonymous_16)
FNDA:0,(anonymous_17)
FNDA:0,(anonymous_18)
FNDA:1,(anonymous_19)
FNDA:0,(anonymous_20)
FNDA:0,(anonymous_21)
FNDA:0,(anonymous_22)
FNDA:0,(anonymous_23)
FNDA:0,(anonymous_24)
FNDA:0,(anonymous_25)
FNDA:0,(anonymous_26)
FNDA:0,(anonymous_27)
FNDA:0,(anonymous_28)
FNDA:0,(anonymous_29)
FNDA:0,(anonymous_30)
FNDA:0,(anonymous_31)
FNDA:0,(anonymous_32)
FNDA:0,(anonymous_33)
FNDA:0,(anonymous_34)
FNDA:0,(anonymous_35)
FNDA:0,(anonymous_36)
FNDA:0,(anonymous_37)
FNDA:0,(anonymous_38)
FNDA:0,(anonymous_39)
FNDA:0,(anonymous_40)
FNDA:0,(anonymous_41)
FNDA:0,(anonymous_42)
FNDA:0,(anonymous_43)
FNDA:0,(anonymous_44)
FNDA:0,(anonymous_45)
FNDA:0,(anonymous_46)
FNDA:0,(anonymous_47)
FNDA:0,(anonymous_48)
FNDA:0,(anonymous_49)
FNDA:0,(anonymous_50)
FNDA:0,(anonymous_51)
FNDA:1,(anonymous_52)
FNDA:0,(anonymous_53)
FNDA:0,(anonymous_54)
FNDA:0,(anonymous_55)
FNDA:0,(anonymous_56)
FNDA:0,(anonymous_57)
FNDA:0,(anonymous_58)
FNDA:0,(anonymous_59)
FNDA:0,(anonymous_60)
FNDA:0,(anonymous_61)
FNDA:0,(anonymous_62)
FNDA:0,(anonymous_63)
FNDA:0,(anonymous_64)
FNDA:0,(anonymous_65)
FNDA:0,(anonymous_66)
FNDA:0,(anonymous_67)
FNDA:0,(anonymous_68)
FNDA:0,(anonymous_69)
FNDA:0,(anonymous_70)
FNDA:0,(anonymous_71)
FNDA:0,(anonymous_72)
FNDA:0,(anonymous_73)
FNDA:0,(anonymous_74)
FNDA:0,(anonymous_75)
FNDA:0,(anonymous_76)
FNDA:0,(anonymous_77)
FNDA:0,(anonymous_78)
FNDA:0,(anonymous_79)
FNDA:0,(anonymous_80)
FNDA:0,(anonymous_81)
FNDA:0,(anonymous_82)
FNDA:0,(anonymous_83)
FNDA:0,(anonymous_84)
FNDA:69,loadFields
FNDA:73,(anonymous_86)
FNDA:0,(anonymous_87)
FNDA:0,(anonymous_88)
FNDA:0,(anonymous_89)
FNDA:0,(anonymous_90)
FNDA:0,(anonymous_91)
FNDA:0,(anonymous_92)
FNDA:0,loadTabs
FNDA:0,(anonymous_94)
FNDA:0,(anonymous_95)
FNDA:0,(anonymous_96)
FNDA:0,(anonymous_97)
FNDA:0,(anonymous_98)
FNDA:0,(anonymous_99)
FNDA:0,(anonymous_100)
FNDA:0,(anonymous_101)
FNDA:0,(anonymous_102)
FNDA:0,(anonymous_103)
FNDA:0,(anonymous_104)
FNDA:0,(anonymous_105)
FNDA:0,(anonymous_106)
FNDA:0,(anonymous_107)
FNDA:0,(anonymous_108)
FNDA:0,(anonymous_109)
FNDA:0,(anonymous_110)
FNDA:0,(anonymous_111)
FNDA:0,(anonymous_112)
FNDA:0,(anonymous_113)
FNDA:0,(anonymous_114)
FNDA:0,(anonymous_115)
FNDA:0,(anonymous_116)
FNDA:0,(anonymous_117)
FNDA:21,loadNavigations
FNDA:22,(anonymous_119)
FNDA:22,(anonymous_120)
FNDA:22,(anonymous_121)
FNDA:6,(anonymous_122)
FNDA:5,(anonymous_123)
FNDA:2,(anonymous_124)
FNDA:5,(anonymous_125)
FNDA:2,(anonymous_126)
FNDA:3,(anonymous_127)
FNDA:22,(anonymous_128)
FNDA:39,loadQuickForms
FNDA:62,(anonymous_130)
FNDA:40,(anonymous_131)
FNDA:61,(anonymous_132)
FNDA:10,(anonymous_133)
FNDA:2,(anonymous_134)
FNDA:2,(anonymous_135)
FNDA:2,(anonymous_136)
FNDA:3,(anonymous_137)
FNDA:2,(anonymous_138)
FNDA:3,(anonymous_139)
FNDA:2,(anonymous_140)
FNDA:3,(anonymous_141)
FNDA:2,(anonymous_142)
FNDA:3,(anonymous_143)
FNDA:2,(anonymous_144)
FNDA:2,(anonymous_145)
FNDA:2,(anonymous_146)
FNDA:40,(anonymous_147)
FNDA:49,loadGrids
FNDA:50,(anonymous_149)
FNDA:13,(anonymous_150)
FNDA:1,(anonymous_151)
FNDA:4,(anonymous_152)
FNDA:1,(anonymous_153)
FNDA:1,(anonymous_154)
FNDA:1,(anonymous_155)
FNDA:1,(anonymous_156)
FNDA:1,(anonymous_157)
FNDA:1,(anonymous_158)
FNDA:1,(anonymous_159)
FNDA:1,(anonymous_160)
FNDA:22,(anonymous_161)
FNDA:13,(anonymous_162)
FNDA:1,(anonymous_163)
FNDA:11,(anonymous_164)
FNDA:1,(anonymous_165)
FNDA:1,(anonymous_166)
FNDA:2,(anonymous_167)
FNDA:1,(anonymous_168)
FNDA:3,(anonymous_169)
FNDA:50,(anonymous_170)
FNDA:26,(anonymous_171)
FNDA:3,(anonymous_172)
FNDA:19,(anonymous_173)
FNDA:4,(anonymous_174)
FNDA:2,(anonymous_175)
FNDA:1,(anonymous_176)
FNDA:1,(anonymous_177)
FNDA:1,(anonymous_178)
FNDA:22,(anonymous_179)
FNDA:22,(anonymous_180)
FNDA:20,(anonymous_181)
FNDA:4,(anonymous_182)
FNDA:4,(anonymous_183)
FNDA:2,(anonymous_184)
FNDA:2,(anonymous_185)
FNDA:4,(anonymous_186)
FNDA:1,(anonymous_187)
FNDA:2,(anonymous_188)
FNDA:1,(anonymous_189)
FNDA:3,(anonymous_190)
FNDA:2,(anonymous_191)
FNDA:3,(anonymous_192)
FNDA:2,(anonymous_193)
FNDA:2,(anonymous_194)
FNDA:1,(anonymous_195)
FNDA:1,(anonymous_196)
FNDA:1,(anonymous_197)
FNDA:50,(anonymous_198)
FNDA:332,loadExecutionContext
FNDA:3,(anonymous_200)
FNDA:2,(anonymous_201)
FNDA:2,(anonymous_202)
FNDA:2,(anonymous_203)
FNDA:1,(anonymous_204)
FNDA:3,(anonymous_205)
FNDA:3,(anonymous_206)
FNDA:3,(anonymous_207)
FNDA:2,(anonymous_208)
FNDA:4,(anonymous_209)
FNDA:3,(anonymous_210)
FNDA:3,(anonymous_211)
FNDA:2,(anonymous_212)
FNDA:2,(anonymous_213)
FNDA:4,(anonymous_214)
FNDA:332,loadSidePanes
FNDA:5,(anonymous_216)
FNDA:4,(anonymous_217)
FNDA:6,(anonymous_218)
FNDA:5,(anonymous_219)
FNDA:4,(anonymous_220)
FNDA:4,(anonymous_221)
FNDA:332,loadWebApi
FNDA:0,(anonymous_223)
FNDA:0,(anonymous_224)
FNDA:0,(anonymous_225)
FNDA:0,(anonymous_226)
FNDA:0,(anonymous_227)
FNDA:0,(anonymous_228)
FNDA:0,(anonymous_229)
FNDA:0,(anonymous_230)
FNDA:0,(anonymous_231)
FNDA:0,(anonymous_232)
FNDA:0,(anonymous_233)
FNDA:0,(anonymous_234)
FNDA:0,(anonymous_235)
FNDA:0,(anonymous_236)
FNDA:0,(anonymous_237)
FNDA:0,(anonymous_238)
FNDA:0,(anonymous_239)
FNDA:0,(anonymous_240)
FNDA:0,(anonymous_241)
FNDA:0,(anonymous_242)
FNDA:332,loadCopilot
FNDA:0,(anonymous_244)
FNDA:0,(anonymous_245)
FNDA:332,loadFormV3
FNDA:0,(anonymous_247)
FNDA:332,(anonymous_248)
FNDA:332,(anonymous_249)
FNDA:332,(anonymous_250)
FNDA:332,(anonymous_251)
FNDA:332,(anonymous_252)
FNDA:332,(anonymous_253)
FNDA:332,(anonymous_254)
FNDA:332,(anonymous_255)
FNDA:332,(anonymous_256)
FNDA:332,(anonymous_257)
FNDA:332,(anonymous_258)
FNDA:332,(anonymous_259)
FNDA:332,(anonymous_260)
FNDA:332,(anonymous_261)
FNDA:332,(anonymous_262)
FNDA:332,(anonymous_263)
FNDA:0,(anonymous_264)
FNDA:0,(anonymous_265)
FNDA:0,(anonymous_266)
FNDA:0,(anonymous_267)
FNDA:0,(anonymous_268)
FNDA:0,(anonymous_269)
FNDA:0,(anonymous_270)
FNDA:0,(anonymous_271)
FNDA:0,(anonymous_272)
FNDA:0,(anonymous_273)
FNDA:0,(anonymous_274)
FNDA:0,(anonymous_275)
FNDA:0,(anonymous_276)
FNDA:0,(anonymous_277)
FNDA:0,(anonymous_278)
FNDA:0,(anonymous_279)
FNDA:0,(anonymous_280)
FNDA:0,(anonymous_281)
FNDA:0,(anonymous_282)
FNDA:0,(anonymous_283)
FNDA:0,(anonymous_284)
FNDA:0,(anonymous_285)
FNDA:0,(anonymous_286)
FNDA:0,(anonymous_287)
FNDA:0,(anonymous_288)
FNDA:69,loadProcess
FNDA:73,(anonymous_290)
FNDA:22,(anonymous_291)
FNDA:2,(anonymous_292)
FNDA:2,(anonymous_293)
FNDA:2,(anonymous_294)
FNDA:2,(anonymous_295)
FNDA:2,(anonymous_296)
FNDA:36,(anonymous_297)
FNDA:3,(anonymous_298)
FNDA:1,(anonymous_299)
FNDA:5,(anonymous_300)
FNDA:6,(anonymous_301)
FNDA:2,(anonymous_302)
FNDA:16,(anonymous_303)
FNDA:2,(anonymous_304)
FNDA:32,(anonymous_305)
FNDA:1,(anonymous_306)
FNDA:1,(anonymous_307)
FNDA:1,(anonymous_308)
FNDA:29,(anonymous_309)
FNDA:26,(anonymous_310)
FNDA:1,(anonymous_311)
FNDA:2,(anonymous_312)
FNDA:4,(anonymous_313)
FNDA:1,(anonymous_314)
FNDA:1,(anonymous_315)
FNDA:1,(anonymous_316)
FNDA:32,(anonymous_317)
FNDA:2,(anonymous_318)
FNDA:1,(anonymous_319)
FNDA:1,(anonymous_320)
FNDA:1,(anonymous_321)
FNDA:2,(anonymous_322)
FNDA:1,(anonymous_323)
FNDA:2,(anonymous_324)
FNDA:1,(anonymous_325)
FNDA:2,(anonymous_326)
FNDA:1,(anonymous_327)
FNDA:1,(anonymous_328)
FNDA:1,(anonymous_329)
FNDA:1,(anonymous_330)
FNDA:1,(anonymous_331)
FNDA:1,(anonymous_332)
FNDA:1,(anonymous_333)
FNDA:1,(anonymous_334)
FNDA:1,(anonymous_335)
FNDA:1,(anonymous_336)
FNDA:1,(anonymous_337)
FNDA:2,(anonymous_338)
FNDA:2,(anonymous_339)
FNDA:1,(anonymous_340)
FNDA:1,(anonymous_341)
FNDA:1,(anonymous_342)
FNDA:1,(anonymous_343)
FNDA:1,(anonymous_344)
FNDA:1,(anonymous_345)
FNDA:1,(anonymous_346)
FNDA:1,(anonymous_347)
FNDA:1,(anonymous_348)
FNDA:1,(anonymous_349)
FNDA:332,loadUtility
FNDA:5,(anonymous_351)
FNDA:1,(anonymous_352)
FNDA:1,(anonymous_353)
FNDA:1,(anonymous_354)
FNDA:1,(anonymous_355)
FNDA:1,(anonymous_356)
FNDA:1,(anonymous_357)
FNDA:1,(anonymous_358)
FNDA:1,(anonymous_359)
FNDA:1,(anonymous_360)
FNDA:13,(anonymous_361)
FNDA:1,(anonymous_362)
FNDA:2,(anonymous_363)
FNDA:1,(anonymous_364)
FNDA:1,(anonymous_365)
FNDA:1,(anonymous_366)
FNDA:1,(anonymous_367)
FNDA:1,(anonymous_368)
FNDA:1,(anonymous_369)
FNDA:1,(anonymous_370)
FNDA:1,(anonymous_371)
FNDA:1,(anonymous_372)
FNDA:1,(anonymous_373)
FNDA:1,(anonymous_374)
FNDA:15,(anonymous_375)
FNDA:1,(anonymous_376)
FNDA:1,(anonymous_377)
FNDA:1,(anonymous_378)
FNDA:1,(anonymous_379)
FNDA:1,(anonymous_380)
FNDA:1,(anonymous_381)
FNDA:1,(anonymous_382)
FNDA:1,(anonymous_383)
FNDA:1,(anonymous_384)
FNDA:1,(anonymous_385)
FNDA:2,(anonymous_386)
FNDA:1,(anonymous_387)
FNDA:1,(anonymous_388)
FNDA:1,(anonymous_389)
FNDA:1,(anonymous_390)
FNDA:2,(anonymous_391)
FNDA:1,(anonymous_392)
FNDA:2,(anonymous_393)
FNDA:2,(anonymous_394)
FNDA:2,(anonymous_395)
FNDA:2,(anonymous_396)
FNDA:2,(anonymous_397)
FNDA:2,(anonymous_398)
FNDA:1,(anonymous_399)
FNDA:2,(anonymous_400)
FNDA:2,(anonymous_401)
FNDA:2,(anonymous_402)
FNDA:1,(anonymous_403)
FNDA:2,(anonymous_404)
FNDA:1,(anonymous_405)
FNDA:1,(anonymous_406)
FNDA:1,(anonymous_407)
FNDA:2,(anonymous_408)
FNDA:1,(anonymous_409)
FNDA:2,(anonymous_410)
FNDA:2,(anonymous_411)
FNDA:2,(anonymous_412)
FNDA:2,(anonymous_413)
FNDA:2,(anonymous_414)
FNDA:1,(anonymous_415)
FNDA:2,(anonymous_416)
FNDA:1,(anonymous_417)
FNDA:1,(anonymous_418)
FNDA:2,(anonymous_419)
FNDA:1,(anonymous_420)
FNDA:1,(anonymous_421)
FNDA:1,(anonymous_422)
FNDA:1,(anonymous_423)
FNDA:1,(anonymous_424)
FNDA:1,(anonymous_425)
FNDA:1,(anonymous_426)
FNDA:1,(anonymous_427)
FNDA:10,loadFormDialog
FNDA:1,(anonymous_429)
FNDA:0,getWebApiTypeParsers
FNDA:0,(anonymous_431)
FNDA:0,(anonymous_432)
FNDA:0,(anonymous_433)
FNDA:0,(anonymous_434)
FNDA:0,webApiReturnGet
FNDA:332,(anonymous_436)
FNDA:0,defineWebApiField
FNDA:0,(anonymous_438)
FNDA:0,(anonymous_439)
FNDA:0,(anonymous_440)
FNDA:0,(anonymous_441)
FNDA:0,(anonymous_442)
FNDA:0,createWebApiEntity
FNDA:0,(anonymous_444)
FNDA:0,(anonymous_445)
FNDA:0,(anonymous_446)
FNDA:0,(anonymous_447)
DA:2,1328
DA:3,1316
DA:5,12
DA:6,0
DA:8,12
DA:9,0
DA:11,12
DA:14,15841
DA:21,1927
DA:29,87
DA:30,87
DA:31,87
DA:32,87
DA:33,87
DA:34,87
DA:35,87
DA:36,87
DA:37,87
DA:38,87
DA:39,87
DA:40,87
DA:41,87
DA:42,87
DA:43,87
DA:44,87
DA:45,87
DA:46,87
DA:47,87
DA:48,87
DA:49,87
DA:50,87
DA:51,87
DA:52,87
DA:53,87
DA:54,87
DA:55,87
DA:56,87
DA:57,87
DA:58,0
DA:59,0
DA:61,87
DA:62,87
DA:63,87
DA:64,87
DA:65,87
DA:66,87
DA:67,87
DA:68,87
DA:69,87
DA:70,0
DA:71,0
DA:73,87
DA:74,87
DA:75,87
DA:76,87
DA:77,87
DA:78,0
DA:79,0
DA:80,0
DA:82,87
DA:83,87
DA:84,87
DA:85,87
DA:86,87
DA:87,87
DA:88,87
DA:89,87
DA:90,87
DA:91,87
DA:92,0
DA:93,0
DA:94,0
DA:96,87
DA:97,87
DA:98,87
DA:99,87
DA:100,87
DA:101,87
DA:102,87
DA:103,87
DA:104,87
DA:105,87
DA:106,87
DA:107,87
DA:108,87
DA:109,87
DA:110,87
DA:113,69
DA:114,69
DA:115,73
DA:116,73
DA:117,73
DA:118,73
DA:119,73
DA:120,0
DA:122,73
DA:124,69
DA:125,0
DA:126,0
DA:127,0
DA:128,0
DA:130,69
DA:133,0
DA:134,0
DA:135,0
DA:136,0
DA:137,0
DA:139,0
DA:141,0
DA:142,0
DA:143,0
DA:144,0
DA:145,0
DA:146,0
DA:147,0
DA:149,0
DA:150,0
DA:151,0
DA:152,0
DA:153,0
DA:154,0
DA:155,0
DA:156,0
DA:157,0
DA:158,0
DA:159,0
DA:160,0
DA:161,0
DA:164,0
DA:165,0
DA:167,0
DA:170,21
DA:171,22
DA:172,21
DA:173,22
DA:174,22
DA:175,17
DA:176,17
DA:177,25
DA:178,25
DA:179,11
DA:182,6
DA:184,21
DA:185,22
DA:186,22
DA:187,22
DA:188,22
DA:189,22
DA:191,21
DA:192,22
DA:194,21
DA:197,39
DA:198,39
DA:199,62
DA:200,62
DA:201,40
DA:203,62
DA:204,61
DA:207,39
DA:208,39
DA:209,61
DA:210,40
DA:211,40
DA:212,40
DA:213,40
DA:214,40
DA:215,40
DA:216,40
DA:217,40
DA:218,40
DA:219,40
DA:220,40
DA:221,40
DA:223,39
DA:224,40
DA:226,39
DA:229,49
DA:230,50
DA:231,49
DA:232,13
DA:233,13
DA:234,13
DA:235,13
DA:236,13
DA:237,13
DA:238,13
DA:239,13
DA:240,13
DA:242,49
DA:243,22
DA:244,22
DA:245,13
DA:246,13
DA:247,13
DA:248,11
DA:249,11
DA:251,13
DA:252,1
DA:253,1
DA:254,2
DA:255,2
DA:258,13
DA:260,22
DA:261,22
DA:262,22
DA:263,22
DA:264,22
DA:266,49
DA:267,50
DA:268,50
DA:269,26
DA:270,26
DA:271,26
DA:272,26
DA:273,4
DA:274,4
DA:275,4
DA:276,3
DA:279,26
DA:281,50
DA:282,50
DA:283,50
DA:284,50
DA:285,50
DA:286,22
DA:287,22
DA:288,22
DA:289,20
DA:292,50
DA:293,4
DA:294,4
DA:295,4
DA:296,2
DA:299,50
DA:300,50
DA:301,4
DA:302,4
DA:303,4
DA:304,4
DA:305,4
DA:307,50
DA:308,50
DA:309,50
DA:310,50
DA:311,50
DA:312,50
DA:313,50
DA:315,49
DA:316,50
DA:318,49
DA:321,332
DA:322,332
DA:323,332
DA:324,332
DA:325,332
DA:326,332
DA:327,332
DA:328,332
DA:329,332
DA:330,332
DA:331,332
DA:332,332
DA:333,332
DA:334,332
DA:335,332
DA:336,332
DA:337,332
DA:340,332
DA:341,332
DA:342,332
DA:343,332
DA:344,332
DA:345,332
DA:346,332
DA:347,332
DA:348,332
DA:351,332
DA:352,332
DA:353,332
DA:354,332
DA:355,332
DA:356,332
DA:357,0
DA:358,0
DA:359,0
DA:360,0
DA:361,0
DA:363,0
DA:364,0
DA:366,0
DA:367,0
DA:368,0
DA:369,0
DA:370,0
DA:371,0
DA:373,332
DA:374,0
DA:375,0
DA:376,0
DA:378,0
DA:381,332
DA:382,0
DA:383,0
DA:384,0
DA:386,0
DA:389,332
DA:390,0
DA:391,0
DA:392,0
DA:394,0
DA:397,332
DA:398,0
DA:399,0
DA:400,0
DA:402,0
DA:405,332
DA:406,0
DA:407,0
DA:408,0
DA:410,0
DA:413,332
DA:414,0
DA:415,0
DA:416,0
DA:418,0
DA:421,332
DA:422,0
DA:423,0
DA:424,0
DA:426,0
DA:429,332
DA:433,0
DA:434,0
DA:435,0
DA:439,0
DA:440,0
DA:441,0
DA:442,0
DA:444,0
DA:445,0
DA:447,0
DA:449,0
DA:450,0
DA:451,0
DA:452,0
DA:453,0
DA:454,0
DA:455,0
DA:456,0
DA:457,0
DA:461,0
DA:462,0
DA:463,0
DA:464,0
DA:465,0
DA:466,0
DA:467,0
DA:468,0
DA:471,0
DA:472,0
DA:473,0
DA:474,0
DA:479,0
DA:481,0
DA:482,0
DA:484,0
DA:487,332
DA:488,0
DA:489,0
DA:490,0
DA:491,0
DA:493,0
DA:494,0
DA:496,0
DA:497,0
DA:501,0
DA:502,0
DA:504,0
DA:507,332
DA:508,0
DA:509,0
DA:510,0
DA:511,0
DA:512,0
DA:514,0
DA:517,0
DA:518,0
DA:519,0
DA:520,0
DA:522,0
DA:525,0
DA:527,332
DA:528,0
DA:529,0
DA:530,0
DA:532,332
DA:535,332
DA:536,332
DA:537,332
DA:538,332
DA:539,0
DA:540,0
DA:541,0
DA:543,0
DA:546,332
DA:547,0
DA:548,0
DA:549,0
DA:551,0
DA:554,332
DA:621,332
DA:622,332
DA:623,332
DA:624,332
DA:625,332
DA:626,332
DA:627,332
DA:628,0
DA:629,0
DA:630,0
DA:631,0
DA:632,0
DA:635,0
DA:637,332
DA:638,332
DA:639,332
DA:640,332
DA:641,332
DA:642,332
DA:643,332
DA:644,332
DA:645,332
DA:646,332
DA:647,332
DA:648,332
DA:649,332
DA:650,332
DA:651,332
DA:652,332
DA:653,332
DA:654,332
DA:655,332
DA:656,332
DA:657,332
DA:658,332
DA:659,332
DA:660,332
DA:661,332
DA:662,332
DA:663,332
DA:664,0
DA:665,0
DA:666,0
DA:668,332
DA:669,332
DA:670,332
DA:671,332
DA:672,0
DA:673,0
DA:674,0
DA:676,332
DA:677,332
DA:678,332
DA:679,332
DA:680,332
DA:681,332
DA:682,332
DA:683,332
DA:684,332
DA:685,332
DA:686,332
DA:687,332
DA:688,332
DA:689,332
DA:690,332
DA:691,332
DA:692,332
DA:693,332
DA:694,332
DA:695,332
DA:696,332
DA:697,332
DA:700,69
DA:702,69
DA:703,69
DA:704,69
DA:705,73
DA:706,73
DA:707,69
DA:709,73
DA:711,69
DA:712,69
DA:713,69
DA:714,69
DA:715,69
DA:716,22
DA:717,22
DA:718,22
DA:719,22
DA:720,22
DA:721,22
DA:722,22
DA:724,69
DA:725,36
DA:726,36
DA:727,36
DA:728,36
DA:729,36
DA:730,36
DA:731,36
DA:732,16
DA:733,16
DA:734,15
DA:735,15
DA:736,15
DA:737,22
DA:739,15
DA:741,36
DA:742,36
DA:744,69
DA:745,32
DA:746,32
DA:747,32
DA:748,32
DA:749,32
DA:750,29
DA:751,29
DA:752,29
DA:753,26
DA:754,26
DA:756,29
DA:757,29
DA:758,2
DA:759,2
DA:760,3
DA:761,3
DA:764,29
DA:766,32
DA:768,69
DA:769,4
DA:770,4
DA:771,1
DA:772,1
DA:774,4
DA:775,4
DA:776,1
DA:777,1
DA:778,3
DA:779,3
DA:782,4
DA:784,69
DA:785,69
DA:786,69
DA:787,69
DA:788,69
DA:789,69
DA:790,69
DA:791,69
DA:792,69
DA:793,69
DA:794,69
DA:795,69
DA:796,69
DA:797,69
DA:798,1
DA:799,1
DA:803,1
DA:806,69
DA:807,69
DA:808,69
DA:809,2
DA:810,2
DA:819,2
DA:822,69
DA:823,69
DA:824,69
DA:825,69
DA:826,69
DA:827,69
DA:828,69
DA:829,69
DA:830,69
DA:831,69
DA:834,332
DA:835,332
DA:836,332
DA:837,332
DA:838,332
DA:839,332
DA:840,332
DA:841,332
DA:842,332
DA:843,332
DA:844,5
DA:845,5
DA:846,5
DA:847,5
DA:848,5
DA:849,5
DA:850,5
DA:851,5
DA:853,332
DA:854,332
DA:856,332
DA:857,332
DA:858,332
DA:859,13
DA:860,13
DA:862,13
DA:863,13
DA:864,13
DA:865,13
DA:867,13
DA:868,13
DA:870,13
DA:871,13
DA:873,13
DA:874,13
DA:875,13
DA:876,13
DA:877,13
DA:879,332
DA:880,332
DA:881,15
DA:882,15
DA:883,15
DA:884,15
DA:885,15
DA:886,15
DA:887,15
DA:888,15
DA:889,15
DA:890,15
DA:891,15
DA:892,15
DA:893,15
DA:894,15
DA:895,15
DA:896,15
DA:897,15
DA:899,332
DA:900,332
DA:901,2
DA:902,2
DA:903,1
DA:905,332
DA:906,332
DA:907,2
DA:908,2
DA:909,1
DA:911,332
DA:912,2
DA:913,2
DA:914,1
DA:916,332
DA:917,2
DA:918,2
DA:919,1
DA:921,332
DA:922,2
DA:923,2
DA:924,1
DA:926,332
DA:927,2
DA:928,2
DA:929,1
DA:931,332
DA:932,2
DA:933,2
DA:934,1
DA:936,332
DA:937,332
DA:938,2
DA:939,2
DA:940,1
DA:942,332
DA:943,2
DA:944,2
DA:945,1
DA:947,332
DA:948,2
DA:949,2
DA:950,1
DA:953,332
DA:954,332
DA:955,2
DA:956,2
DA:957,1
DA:959,332
DA:960,332
DA:961,332
DA:962,332
DA:963,2
DA:964,2
DA:965,1
DA:967,332
DA:968,332
DA:969,2
DA:970,2
DA:971,1
DA:973,332
DA:974,2
DA:975,2
DA:976,1
DA:978,332
DA:979,2
DA:980,2
DA:981,1
DA:983,332
DA:984,2
DA:985,2
DA:986,1
DA:988,332
DA:989,2
DA:990,2
DA:991,1
DA:993,332
DA:994,332
DA:995,2
DA:996,2
DA:997,1
DA:999,332
DA:1000,332
DA:1001,332
DA:1002,2
DA:1003,2
DA:1004,1
DA:1006,332
DA:1007,332
DA:1009,332
DA:1010,332
DA:1011,332
DA:1012,332
DA:1013,332
DA:1014,332
DA:1015,332
DA:1018,10
DA:1019,10
DA:1020,10
DA:1021,14
DA:1022,14
DA:1023,14
DA:1024,14
DA:1025,14
DA:1027,10
DA:1028,10
DA:1031,0
DA:1033,0
DA:1034,0
DA:1035,0
DA:1036,0
DA:1037,0
DA:1038,0
DA:1039,0
DA:1040,0
DA:1043,0
DA:1044,0
DA:1047,0
DA:1048,0
DA:1051,0
DA:1052,0
DA:1053,0
DA:1054,0
DA:1055,0
DA:1056,0
DA:1057,0
DA:1058,0
DA:1059,0
DA:1064,0
DA:1065,0
DA:1066,0
DA:1067,0
DA:1069,7
DA:1124,332
DA:1129,332
DA:1130,332
DA:1131,332
DA:1132,332
DA:1133,332
DA:1134,332
DA:1135,332
DA:1136,332
DA:1137,332
DA:1138,332
DA:1139,332
DA:1140,332
DA:1141,332
DA:1142,332
DA:1143,332
DA:1144,332
DA:1145,332
DA:1146,332
DA:1147,332
DA:1148,332
DA:1149,332
DA:1150,332
DA:1151,332
DA:1152,332
DA:1153,332
DA:1154,332
DA:1155,332
DA:1156,332
DA:1157,332
DA:1158,332
DA:1159,332
DA:1160,332
DA:1161,332
DA:1162,332
DA:1163,332
DA:1164,332
DA:1165,332
DA:1166,332
DA:1167,332
DA:1168,332
DA:1169,332
DA:1170,332
DA:1171,332
DA:1172,332
DA:1173,332
DA:1174,332
DA:1175,332
DA:1176,332
DA:1177,332
DA:1180,7
DA:1181,0
DA:1182,0
DA:1183,0
DA:1184,0
DA:1185,0
DA:1187,0
DA:1188,0
DA:1189,0
DA:1190,0
DA:1192,0
DA:1194,0
DA:1195,0
DA:1197,0
DA:1199,0
DA:1200,0
DA:1201,0
DA:1203,0
DA:1204,0
DA:1205,0
DA:1206,0
DA:1208,0
DA:1210,0
DA:1211,0
DA:1213,0
DA:1215,0
DA:1216,0
DA:1217,0
DA:1218,0
DA:1219,0
DA:1220,0
DA:1222,0
DA:1223,0
DA:1226,0
DA:1228,0
DA:1230,0
DA:1233,0
DA:1234,0
DA:1238,0
DA:1244,7
DA:1245,0
DA:1246,0
DA:1247,0
DA:1255,0
DA:1256,0
DA:1258,0
DA:1259,0
DA:1261,0
DA:1264,0
DA:1265,0
DA:1266,0
DA:1268,0
DA:1269,0
DA:1271,0
DA:1274,0
DA:1275,0
DA:1277,0
LF:880
LH:631
BRDA:2,0,0,1316
BRDA:2,0,1,12
BRDA:2,1,0,1328
BRDA:2,1,1,1328
BRDA:5,2,0,0
BRDA:5,2,1,12
BRDA:5,3,0,12
BRDA:5,3,1,0
BRDA:5,3,2,0
BRDA:8,4,0,0
BRDA:8,4,1,12
BRDA:8,5,0,12
BRDA:8,5,1,0
BRDA:8,5,2,0
BRDA:8,5,3,0
BRDA:58,6,0,0
BRDA:58,6,1,0
BRDA:58,7,0,0
BRDA:58,7,1,0
BRDA:70,8,0,0
BRDA:70,8,1,0
BRDA:70,9,0,0
BRDA:70,9,1,0
BRDA:93,10,0,0
BRDA:93,10,1,0
BRDA:116,11,0,0
BRDA:116,11,1,73
BRDA:117,12,0,73
BRDA:117,12,1,73
BRDA:119,13,0,0
BRDA:119,13,1,73
BRDA:119,14,0,73
BRDA:119,14,1,73
BRDA:124,15,0,0
BRDA:124,15,1,69
BRDA:136,16,0,0
BRDA:136,16,1,0
BRDA:174,17,0,5
BRDA:174,17,1,17
BRDA:178,18,0,11
BRDA:178,18,1,14
BRDA:200,19,0,40
BRDA:200,19,1,22
BRDA:203,20,0,61
BRDA:203,20,1,1
BRDA:274,21,0,4
BRDA:274,21,1,2
BRDA:343,22,0,1
BRDA:343,22,1,3
BRDA:359,23,0,0
BRDA:359,23,1,0
BRDA:363,24,0,0
BRDA:363,24,1,0
BRDA:369,25,0,0
BRDA:369,25,1,0
BRDA:369,26,0,0
BRDA:369,26,1,0
BRDA:375,27,0,0
BRDA:375,27,1,0
BRDA:383,28,0,0
BRDA:383,28,1,0
BRDA:391,29,0,0
BRDA:391,29,1,0
BRDA:399,30,0,0
BRDA:399,30,1,0
BRDA:407,31,0,0
BRDA:407,31,1,0
BRDA:415,32,0,0
BRDA:415,32,1,0
BRDA:423,33,0,0
BRDA:423,33,1,0
BRDA:434,34,0,0
BRDA:434,34,1,0
BRDA:435,35,0,0
BRDA:435,35,1,0
BRDA:435,35,2,0
BRDA:435,35,3,0
BRDA:435,35,4,0
BRDA:439,36,0,0
BRDA:439,36,1,0
BRDA:441,37,0,0
BRDA:441,37,1,0
BRDA:444,38,0,0
BRDA:444,38,1,0
BRDA:444,39,0,0
BRDA:444,39,1,0
BRDA:449,40,0,0
BRDA:449,40,1,0
BRDA:453,41,0,0
BRDA:453,41,1,0
BRDA:455,42,0,0
BRDA:455,42,1,0
BRDA:463,43,0,0
BRDA:463,43,1,0
BRDA:467,44,0,0
BRDA:467,44,1,0
BRDA:472,45,0,0
BRDA:472,45,1,0
BRDA:472,46,0,0
BRDA:472,46,1,0
BRDA:474,47,0,0
BRDA:474,47,1,0
BRDA:474,48,0,0
BRDA:474,48,1,0
BRDA:481,49,0,0
BRDA:481,49,1,0
BRDA:488,50,0,0
BRDA:488,50,1,0
BRDA:493,51,0,0
BRDA:493,51,1,0
BRDA:497,52,0,0
BRDA:497,52,1,0
BRDA:497,53,0,0
BRDA:497,53,1,0
BRDA:501,54,0,0
BRDA:501,54,1,0
BRDA:511,55,0,0
BRDA:511,55,1,0
BRDA:519,56,0,0
BRDA:519,56,1,0
BRDA:540,57,0,0
BRDA:540,57,1,0
BRDA:548,58,0,0
BRDA:548,58,1,0
BRDA:621,59,0,332
BRDA:621,59,1,0
BRDA:621,59,2,0
BRDA:628,60,0,0
BRDA:628,60,1,0
BRDA:631,61,0,0
BRDA:631,61,1,0
BRDA:631,62,0,0
BRDA:631,62,1,0
BRDA:665,63,0,0
BRDA:665,63,1,0
BRDA:673,64,0,0
BRDA:673,64,1,0
BRDA:682,65,0,0
BRDA:682,66,0,0
BRDA:682,67,0,0
BRDA:682,68,0,0
BRDA:682,69,0,0
BRDA:682,70,0,0
BRDA:682,71,0,0
BRDA:682,72,0,332
BRDA:683,73,0,0
BRDA:683,73,1,332
BRDA:684,74,0,0
BRDA:684,74,1,332
BRDA:686,75,0,0
BRDA:686,75,1,332
BRDA:687,76,0,69
BRDA:687,76,1,263
BRDA:688,77,0,39
BRDA:688,77,1,293
BRDA:689,78,0,49
BRDA:689,78,1,283
BRDA:690,79,0,21
BRDA:690,79,1,311
BRDA:691,80,0,0
BRDA:691,80,1,332
BRDA:706,81,0,69
BRDA:706,81,1,4
BRDA:733,82,0,1
BRDA:733,82,1,15
BRDA:735,83,0,15
BRDA:735,83,1,1
BRDA:741,84,0,1
BRDA:741,84,1,1
BRDA:758,85,0,2
BRDA:758,85,1,1
BRDA:902,86,0,1
BRDA:902,86,1,1
BRDA:908,87,0,1
BRDA:908,87,1,1
BRDA:913,88,0,1
BRDA:913,88,1,1
BRDA:918,89,0,1
BRDA:918,89,1,1
BRDA:923,90,0,1
BRDA:923,90,1,1
BRDA:928,91,0,1
BRDA:928,91,1,1
BRDA:933,92,0,1
BRDA:933,92,1,1
BRDA:939,93,0,1
BRDA:939,93,1,1
BRDA:944,94,0,1
BRDA:944,94,1,1
BRDA:949,95,0,1
BRDA:949,95,1,1
BRDA:956,96,0,1
BRDA:956,96,1,1
BRDA:964,97,0,1
BRDA:964,97,1,1
BRDA:970,98,0,1
BRDA:970,98,1,1
BRDA:975,99,0,1
BRDA:975,99,1,1
BRDA:980,100,0,1
BRDA:980,100,1,1
BRDA:985,101,0,1
BRDA:985,101,1,1
BRDA:990,102,0,1
BRDA:990,102,1,1
BRDA:996,103,0,1
BRDA:996,103,1,1
BRDA:1003,104,0,1
BRDA:1003,104,1,1
BRDA:1019,105,0,10
BRDA:1019,105,1,0
BRDA:1033,106,0,0
BRDA:1033,106,1,0
BRDA:1033,107,0,0
BRDA:1033,107,1,0
BRDA:1034,108,0,0
BRDA:1034,108,1,0
BRDA:1034,109,0,0
BRDA:1034,109,1,0
BRDA:1036,110,0,0
BRDA:1036,110,1,0
BRDA:1038,111,0,0
BRDA:1038,111,1,0
BRDA:1040,112,0,0
BRDA:1040,112,1,0
BRDA:1044,113,0,0
BRDA:1044,113,1,0
BRDA:1048,114,0,0
BRDA:1048,114,1,0
BRDA:1051,115,0,0
BRDA:1051,115,1,0
BRDA:1051,116,0,0
BRDA:1051,116,1,0
BRDA:1052,117,0,0
BRDA:1052,117,1,0
BRDA:1053,118,0,0
BRDA:1053,118,1,0
BRDA:1057,119,0,0
BRDA:1057,119,1,0
BRDA:1058,120,0,0
BRDA:1058,120,1,0
BRDA:1064,121,0,0
BRDA:1064,121,1,0
BRDA:1064,122,0,0
BRDA:1064,122,1,0
BRDA:1065,123,0,0
BRDA:1065,123,1,0
BRDA:1065,124,0,0
BRDA:1065,124,1,0
BRDA:1067,125,0,0
BRDA:1067,125,1,0
BRDA:1184,126,0,0
BRDA:1184,126,1,0
BRDA:1184,127,0,0
BRDA:1184,127,1,0
BRDA:1187,128,0,0
BRDA:1187,128,1,0
BRDA:1187,129,0,0
BRDA:1187,129,1,0
BRDA:1189,130,0,0
BRDA:1189,130,1,0
BRDA:1194,131,0,0
BRDA:1194,131,1,0
BRDA:1195,132,0,0
BRDA:1195,132,1,0
BRDA:1200,133,0,0
BRDA:1200,133,1,0
BRDA:1200,134,0,0
BRDA:1200,134,1,0
BRDA:1203,135,0,0
BRDA:1203,135,1,0
BRDA:1203,136,0,0
BRDA:1203,136,1,0
BRDA:1205,137,0,0
BRDA:1205,137,1,0
BRDA:1205,138,0,0
BRDA:1205,138,1,0
BRDA:1210,139,0,0
BRDA:1210,139,1,0
BRDA:1211,140,0,0
BRDA:1211,140,1,0
BRDA:1216,141,0,0
BRDA:1216,141,1,0
BRDA:1217,142,0,0
BRDA:1217,142,1,0
BRDA:1217,143,0,0
BRDA:1217,143,1,0
BRDA:1218,144,0,0
BRDA:1218,144,1,0
BRDA:1219,145,0,0
BRDA:1219,145,1,0
BRDA:1222,146,0,0
BRDA:1222,146,1,0
BRDA:1233,147,0,0
BRDA:1233,147,1,0
BRDA:1245,148,0,0
BRDA:1245,148,1,0
BRDA:1254,149,0,0
BRDA:1255,150,0,0
BRDA:1255,150,1,0
BRDA:1255,151,0,0
BRDA:1255,151,1,0
BRDA:1258,152,0,0
BRDA:1258,152,1,0
BRDA:1263,153,0,0
BRDA:1265,154,0,0
BRDA:1265,154,1,0
BRDA:1265,155,0,0
BRDA:1265,155,1,0
BRDA:1268,156,0,0
BRDA:1268,156,1,0
BRDA:1269,157,0,0
BRDA:1269,157,1,0
BRF:313
BRH:90
end_of_record
